#
# There is insufficient memory for the Java Runtime Environment to continue.
# Native memory allocation (mmap) failed to map 45088768 bytes for Failed to commit area from 0x000000008e900000 to 0x0000000091400000 of length 45088768.
# Possible reasons:
#   The system is out of physical RAM or swap space
#   The process is running with CompressedOops enabled, and the Java Heap may be blocking the growth of the native heap
# Possible solutions:
#   Reduce memory load on the system
#   Increase physical memory or swap space
#   Check if swap backing store is full
#   Decrease Java heap size (-Xmx/-Xms)
#   Decrease number of Java threads
#   Decrease Java thread stack sizes (-Xss)
#   Set larger code cache with -XX:ReservedCodeCacheSize=
#   JVM is running with Unscaled Compressed Oops mode in which the Java heap is
#     placed in the first 4GB address space. The Java Heap base address is the
#     maximum limit for the native heap growth. Please use -XX:HeapBaseMinAddress
#     to set the Java Heap base and to place the Java Heap above 4GB virtual address.
# This output file may be truncated or incomplete.
#
#  Out of Memory Error (t:/workspace/open/src/hotspot/os/windows/os_windows.cpp:3301), pid=17868, tid=14164
#
# JRE version: Java(TM) SE Runtime Environment (13.0.2+8) (build 13.0.2+8)
# Java VM: Java HotSpot(TM) 64-Bit Server VM (13.0.2+8, mixed mode, sharing, tiered, compressed oops, g1 gc, windows-amd64)
# No core dump will be written. Minidumps are not enabled by default on client versions of Windows
#

---------------  S U M M A R Y ------------

Command Line: -agentlib:jdwp=transport=dt_socket,server=n,suspend=y,address=localhost:54315 -Dfile.encoding=UTF-8 pl.edu.pw.fizyka.pojava.LNM.Main.Game

Host: Intel(R) Core(TM) i7-4720HQ CPU @ 2.60GHz, 8 cores, 7G,  Windows 10 , 64 bit Build 17763 (10.0.17763.1158)
Time: Tue Jun  9 14:39:21 2020 ?rodkowoeuropejski czas letni elapsed time: 5 seconds (0d 0h 0m 5s)

---------------  T H R E A D  ---------------

Current thread (0x000001642e8a1000):  VMThread "VM Thread" [stack: 0x000000199e000000,0x000000199e100000] [id=14164]

Stack: [0x000000199e000000,0x000000199e100000]
[error occurred during error reporting (printing stack bounds), id 0xc0000005, EXCEPTION_ACCESS_VIOLATION (0xc0000005) at pc=0x0000016417fc10ad]

Native frames: (J=compiled Java code, j=interpreted, Vv=VM code, C=native code)
V  [jvm.dll+0x624f9a]
V  [jvm.dll+0x770cfa]
V  [jvm.dll+0x7724af]
V  [jvm.dll+0x772a15]
V  [jvm.dll+0x7729cb]
V  [jvm.dll+0x6244df]
C  [ntdll.dll+0x66b26]
C  [ntdll.dll+0x4849]
C  [ntdll.dll+0xa350e]
C  0x0000016417fc10ad

VM_Operation (0x000000199f2fe5c0): G1CollectForAllocation, mode: safepoint, requested by thread 0x000001642fd25800


---------------  P R O C E S S  ---------------

Threads class SMR info:
_java_thread_list=0x000001642fd70000, length=20, elements={
0x000001642e8a2800, 0x000001642e8a5800, 0x000001642e8c4800, 0x000001642e8c6800,
0x000001642e8c8000, 0x000001642e8cd800, 0x000001642e8da000, 0x000001642f34b800,
0x000001642f338800, 0x000001642f339800, 0x000001642f346000, 0x000001642f359800,
0x000001642f5b3000, 0x000001642f5b9000, 0x000001642f5bd000, 0x000001642fcdd000,
0x000001642fd25800, 0x000001642fe8b000, 0x000001642fe29800, 0x000001640fabe000
}

Java Threads: ( => current thread )
  0x000001642e8a2800 JavaThread "Reference Handler" daemon [_thread_blocked, id=17208, stack(0x000000199e100000,0x000000199e200000)]
  0x000001642e8a5800 JavaThread "Finalizer" daemon [_thread_blocked, id=15104, stack(0x000000199e200000,0x000000199e300000)]
  0x000001642e8c4800 JavaThread "Signal Dispatcher" daemon [_thread_blocked, id=1948, stack(0x000000199e300000,0x000000199e400000)]
  0x000001642e8c6800 JavaThread "Attach Listener" daemon [_thread_blocked, id=212, stack(0x000000199e400000,0x000000199e500000)]
  0x000001642e8c8000 JavaThread "C2 CompilerThread0" daemon [_thread_blocked, id=14788, stack(0x000000199e500000,0x000000199e600000)]
  0x000001642e8cd800 JavaThread "C1 CompilerThread0" daemon [_thread_blocked, id=3172, stack(0x000000199e600000,0x000000199e700000)]
  0x000001642e8da000 JavaThread "Sweeper thread" daemon [_thread_blocked, id=18044, stack(0x000000199e700000,0x000000199e800000)]
  0x000001642f34b800 JavaThread "JDWP Transport Listener: dt_socket" daemon [_thread_blocked, id=13008, stack(0x000000199e800000,0x000000199e900000)]
  0x000001642f338800 JavaThread "JDWP Event Helper Thread" daemon [_thread_blocked, id=14076, stack(0x000000199e900000,0x000000199ea00000)]
  0x000001642f339800 JavaThread "JDWP Command Reader" daemon [_thread_in_native, id=18164, stack(0x000000199ea00000,0x000000199eb00000)]
  0x000001642f346000 JavaThread "Service Thread" daemon [_thread_blocked, id=16592, stack(0x000000199eb00000,0x000000199ec00000)]
  0x000001642f359800 JavaThread "Common-Cleaner" daemon [_thread_blocked, id=10844, stack(0x000000199ed00000,0x000000199ee00000)]
  0x000001642f5b3000 JavaThread "Java2D Disposer" daemon [_thread_blocked, id=16420, stack(0x000000199ee00000,0x000000199ef00000)]
  0x000001642f5b9000 JavaThread "AWT-Shutdown" [_thread_blocked, id=16104, stack(0x000000199ef00000,0x000000199f000000)]
  0x000001642f5bd000 JavaThread "AWT-Windows" daemon [_thread_in_native, id=1992, stack(0x000000199f000000,0x000000199f100000)]
  0x000001642fcdd000 JavaThread "AWT-EventQueue-0" [_thread_blocked, id=17924, stack(0x000000199f100000,0x000000199f200000)]
  0x000001642fd25800 JavaThread "Thread-0" [_thread_blocked, id=4936, stack(0x000000199f200000,0x000000199f300000)]
  0x000001642fe8b000 JavaThread "Java Sound Event Dispatcher" daemon [_thread_blocked, id=16572, stack(0x000000199f500000,0x000000199f600000)]
  0x000001642fe29800 JavaThread "Direct Clip" daemon [_thread_blocked, id=11656, stack(0x000000199f900000,0x000000199fa00000)]
  0x000001640fabe000 JavaThread "DestroyJavaVM" [_thread_blocked, id=14840, stack(0x000000199da00000,0x000000199db00000)]

Other Threads:
=>0x000001642e8a1000 VMThread "VM Thread" [stack: 0x000000199e000000,0x000000199e100000] [id=14164]
  0x000001642f347000 WatcherThread [stack: 0x000000199ec00000,0x000000199ed00000] [id=13760]
  0x000001640fb01800 GCTaskThread "GC Thread#0" [stack: 0x000000199db00000,0x000000199dc00000] [id=2864]
  0x000001642fe81800 GCTaskThread "GC Thread#1" [stack: 0x000000199fa00000,0x000000199fb00000] [id=4500]
  0x000001642fd50800 GCTaskThread "GC Thread#2" [stack: 0x000000199fb00000,0x000000199fc00000] [id=12180]
  0x000001642fe36000 GCTaskThread "GC Thread#3" [stack: 0x000000199fc00000,0x000000199fd00000] [id=6132]
  0x000001642f357000 GCTaskThread "GC Thread#4" [stack: 0x000000199fd00000,0x000000199fe00000] [id=8988]
  0x000001642ff97800 GCTaskThread "GC Thread#5" [stack: 0x000000199fe00000,0x000000199ff00000] [id=12876]
  0x000001643006c000 GCTaskThread "GC Thread#6" [stack: 0x000000199ff00000,0x00000019a0000000] [id=12316]
  0x000001642fdca000 GCTaskThread "GC Thread#7" [stack: 0x00000019a0000000,0x00000019a0100000] [id=5708]
  0x000001640fb13000 ConcurrentGCThread "G1 Main Marker" [stack: 0x000000199dc00000,0x000000199dd00000] [id=12276]
  0x000001640fb15000 ConcurrentGCThread "G1 Conc#0" [stack: 0x000000199dd00000,0x000000199de00000] [id=11176]
  0x000001642ff5c800 ConcurrentGCThread "G1 Conc#1" [stack: 0x00000019a0300000,0x00000019a0400000] [id=11956]
  0x000001642e71a800 ConcurrentGCThread "G1 Refine#0" [stack: 0x000000199de00000,0x000000199df00000] [id=15276]
  0x000001642e71b000 ConcurrentGCThread "G1 Young RemSet Sampling" [stack: 0x000000199df00000,0x000000199e000000] [id=7360]

Threads with active compile tasks:

VM state:at safepoint (normal execution)

VM Mutex/Monitor currently owned by a thread:  ([mutex/lock_event])
[0x000001640faba270] Threads_lock - owner thread: 0x000001642e8a1000
[0x000001640fabb2c0] Heap_lock - owner thread: 0x000001642fd25800

Heap address: 0x0000000081400000, size: 2028 MB, Compressed Oops mode: 32-bit
Narrow klass base: 0x0000000800000000, Narrow klass shift: 3
Compressed class space size: 1073741824 Address: 0x0000000800b40000

Heap:
 garbage-first heap   total 262144K, used 97893K [0x0000000081400000, 0x0000000100000000)
  region size 1024K, 1 young (1024K), 1 survivors (1024K)
 Metaspace       used 7703K, capacity 7919K, committed 8192K, reserved 1056768K
  class space    used 834K, capacity 921K, committed 1024K, reserved 1048576K
Heap Regions: E=young(eden), S=young(survivor), O=old, HS=humongous(starts), HC=humongous(continues), CS=collection set, F=free, A=archive, TAMS=top-at-mark-start (previous, next)
|   0|0x0000000081400000, 0x0000000081500000, 0x0000000081500000|100%|HS|  |TAMS 0x0000000081500000, 0x0000000081500000| Complete 
|   1|0x0000000081500000, 0x0000000081600000, 0x0000000081600000|100%|HC|  |TAMS 0x0000000081600000, 0x0000000081600000| Complete 
|   2|0x0000000081600000, 0x0000000081700000, 0x0000000081700000|100%|HC|  |TAMS 0x0000000081700000, 0x0000000081700000| Complete 
|   3|0x0000000081700000, 0x0000000081800000, 0x0000000081800000|100%|HC|  |TAMS 0x0000000081800000, 0x0000000081800000| Complete 
|   4|0x0000000081800000, 0x0000000081900000, 0x0000000081900000|100%|HS|  |TAMS 0x0000000081900000, 0x0000000081900000| Complete 
|   5|0x0000000081900000, 0x0000000081a00000, 0x0000000081a00000|100%|HC|  |TAMS 0x0000000081a00000, 0x0000000081a00000| Complete 
|   6|0x0000000081a00000, 0x0000000081b00000, 0x0000000081b00000|100%|HC|  |TAMS 0x0000000081b00000, 0x0000000081b00000| Complete 
|   7|0x0000000081b00000, 0x0000000081c00000, 0x0000000081c00000|100%|HC|  |TAMS 0x0000000081c00000, 0x0000000081c00000| Complete 
|   8|0x0000000081c00000, 0x0000000081d00000, 0x0000000081d00000|100%|HS|  |TAMS 0x0000000081d00000, 0x0000000081d00000| Complete 
|   9|0x0000000081d00000, 0x0000000081e00000, 0x0000000081e00000|100%|HC|  |TAMS 0x0000000081e00000, 0x0000000081e00000| Complete 
|  10|0x0000000081e00000, 0x0000000081f00000, 0x0000000081f00000|100%|HC|  |TAMS 0x0000000081f00000, 0x0000000081f00000| Complete 
|  11|0x0000000081f00000, 0x0000000082000000, 0x0000000082000000|100%|HC|  |TAMS 0x0000000082000000, 0x0000000082000000| Complete 
|  12|0x0000000082000000, 0x0000000082100000, 0x0000000082100000|100%|HS|  |TAMS 0x0000000082100000, 0x0000000082100000| Complete 
|  13|0x0000000082100000, 0x0000000082200000, 0x0000000082200000|100%|HC|  |TAMS 0x0000000082200000, 0x0000000082200000| Complete 
|  14|0x0000000082200000, 0x0000000082300000, 0x0000000082300000|100%|HC|  |TAMS 0x0000000082300000, 0x0000000082300000| Complete 
|  15|0x0000000082300000, 0x0000000082400000, 0x0000000082400000|100%|HC|  |TAMS 0x0000000082400000, 0x0000000082400000| Complete 
|  16|0x0000000082400000, 0x0000000082500000, 0x0000000082500000|100%|HC|  |TAMS 0x0000000082500000, 0x0000000082500000| Complete 
|  17|0x0000000082500000, 0x0000000082600000, 0x0000000082600000|100%|HS|  |TAMS 0x0000000082600000, 0x0000000082600000| Complete 
|  18|0x0000000082600000, 0x0000000082700000, 0x0000000082700000|100%|HC|  |TAMS 0x0000000082700000, 0x0000000082700000| Complete 
|  19|0x0000000082700000, 0x0000000082800000, 0x0000000082800000|100%|HC|  |TAMS 0x0000000082800000, 0x0000000082800000| Complete 
|  20|0x0000000082800000, 0x0000000082900000, 0x0000000082900000|100%|HC|  |TAMS 0x0000000082900000, 0x0000000082900000| Complete 
|  21|0x0000000082900000, 0x0000000082a00000, 0x0000000082a00000|100%|HS|  |TAMS 0x0000000082a00000, 0x0000000082a00000| Complete 
|  22|0x0000000082a00000, 0x0000000082b00000, 0x0000000082b00000|100%|HC|  |TAMS 0x0000000082b00000, 0x0000000082b00000| Complete 
|  23|0x0000000082b00000, 0x0000000082c00000, 0x0000000082c00000|100%|HC|  |TAMS 0x0000000082c00000, 0x0000000082c00000| Complete 
|  24|0x0000000082c00000, 0x0000000082d00000, 0x0000000082d00000|100%|HC|  |TAMS 0x0000000082d00000, 0x0000000082d00000| Complete 
|  25|0x0000000082d00000, 0x0000000082e00000, 0x0000000082e00000|100%|HS|  |TAMS 0x0000000082e00000, 0x0000000082e00000| Complete 
|  26|0x0000000082e00000, 0x0000000082f00000, 0x0000000082f00000|100%|HC|  |TAMS 0x0000000082f00000, 0x0000000082f00000| Complete 
|  27|0x0000000082f00000, 0x0000000083000000, 0x0000000083000000|100%|HC|  |TAMS 0x0000000083000000, 0x0000000083000000| Complete 
|  28|0x0000000083000000, 0x0000000083100000, 0x0000000083100000|100%|HC|  |TAMS 0x0000000083100000, 0x0000000083100000| Complete 
|  29|0x0000000083100000, 0x0000000083200000, 0x0000000083200000|100%|HS|  |TAMS 0x0000000083200000, 0x0000000083200000| Complete 
|  30|0x0000000083200000, 0x0000000083300000, 0x0000000083300000|100%|HC|  |TAMS 0x0000000083300000, 0x0000000083300000| Complete 
|  31|0x0000000083300000, 0x0000000083400000, 0x0000000083400000|100%|HC|  |TAMS 0x0000000083400000, 0x0000000083400000| Complete 
|  32|0x0000000083400000, 0x0000000083500000, 0x0000000083500000|100%|HC|  |TAMS 0x0000000083500000, 0x0000000083500000| Complete 
|  33|0x0000000083500000, 0x0000000083600000, 0x0000000083600000|100%|HS|  |TAMS 0x0000000083600000, 0x0000000083600000| Complete 
|  34|0x0000000083600000, 0x0000000083700000, 0x0000000083700000|100%|HC|  |TAMS 0x0000000083700000, 0x0000000083700000| Complete 
|  35|0x0000000083700000, 0x0000000083800000, 0x0000000083800000|100%|HC|  |TAMS 0x0000000083800000, 0x0000000083800000| Complete 
|  36|0x0000000083800000, 0x0000000083900000, 0x0000000083900000|100%|HC|  |TAMS 0x0000000083900000, 0x0000000083900000| Complete 
|  37|0x0000000083900000, 0x0000000083a00000, 0x0000000083a00000|100%|HS|  |TAMS 0x0000000083a00000, 0x0000000083a00000| Complete 
|  38|0x0000000083a00000, 0x0000000083b00000, 0x0000000083b00000|100%|HC|  |TAMS 0x0000000083b00000, 0x0000000083b00000| Complete 
|  39|0x0000000083b00000, 0x0000000083c00000, 0x0000000083c00000|100%|HC|  |TAMS 0x0000000083c00000, 0x0000000083c00000| Complete 
|  40|0x0000000083c00000, 0x0000000083d00000, 0x0000000083d00000|100%|HC|  |TAMS 0x0000000083d00000, 0x0000000083d00000| Complete 
|  41|0x0000000083d00000, 0x0000000083e00000, 0x0000000083e00000|100%|HS|  |TAMS 0x0000000083e00000, 0x0000000083e00000| Complete 
|  42|0x0000000083e00000, 0x0000000083f00000, 0x0000000083f00000|100%|HC|  |TAMS 0x0000000083f00000, 0x0000000083f00000| Complete 
|  43|0x0000000083f00000, 0x0000000084000000, 0x0000000084000000|100%|HC|  |TAMS 0x0000000084000000, 0x0000000084000000| Complete 
|  44|0x0000000084000000, 0x0000000084100000, 0x0000000084100000|100%|HC|  |TAMS 0x0000000084100000, 0x0000000084100000| Complete 
|  45|0x0000000084100000, 0x0000000084200000, 0x0000000084200000|100%|HS|  |TAMS 0x0000000084200000, 0x0000000084200000| Complete 
|  46|0x0000000084200000, 0x0000000084300000, 0x0000000084300000|100%|HC|  |TAMS 0x0000000084300000, 0x0000000084300000| Complete 
|  47|0x0000000084300000, 0x0000000084400000, 0x0000000084400000|100%|HC|  |TAMS 0x0000000084400000, 0x0000000084400000| Complete 
|  48|0x0000000084400000, 0x0000000084500000, 0x0000000084500000|100%|HC|  |TAMS 0x0000000084500000, 0x0000000084500000| Complete 
|  49|0x0000000084500000, 0x0000000084600000, 0x0000000084600000|100%|HS|  |TAMS 0x0000000084600000, 0x0000000084600000| Complete 
|  50|0x0000000084600000, 0x0000000084700000, 0x0000000084700000|100%|HC|  |TAMS 0x0000000084700000, 0x0000000084700000| Complete 
|  51|0x0000000084700000, 0x0000000084800000, 0x0000000084800000|100%|HC|  |TAMS 0x0000000084800000, 0x0000000084800000| Complete 
|  52|0x0000000084800000, 0x0000000084900000, 0x0000000084900000|100%|HC|  |TAMS 0x0000000084900000, 0x0000000084900000| Complete 
|  53|0x0000000084900000, 0x0000000084a00000, 0x0000000084a00000|100%|HS|  |TAMS 0x0000000084a00000, 0x0000000084a00000| Complete 
|  54|0x0000000084a00000, 0x0000000084b00000, 0x0000000084b00000|100%|HC|  |TAMS 0x0000000084b00000, 0x0000000084b00000| Complete 
|  55|0x0000000084b00000, 0x0000000084c00000, 0x0000000084c00000|100%|HC|  |TAMS 0x0000000084c00000, 0x0000000084c00000| Complete 
|  56|0x0000000084c00000, 0x0000000084d00000, 0x0000000084d00000|100%|HC|  |TAMS 0x0000000084d00000, 0x0000000084d00000| Complete 
|  57|0x0000000084d00000, 0x0000000084e00000, 0x0000000084e00000|100%|HS|  |TAMS 0x0000000084e00000, 0x0000000084e00000| Complete 
|  58|0x0000000084e00000, 0x0000000084f00000, 0x0000000084f00000|100%|HC|  |TAMS 0x0000000084f00000, 0x0000000084f00000| Complete 
|  59|0x0000000084f00000, 0x0000000085000000, 0x0000000085000000|100%|HC|  |TAMS 0x0000000085000000, 0x0000000085000000| Complete 
|  60|0x0000000085000000, 0x0000000085100000, 0x0000000085100000|100%|HC|  |TAMS 0x0000000085100000, 0x0000000085100000| Complete 
|  61|0x0000000085100000, 0x0000000085200000, 0x0000000085200000|100%|HS|  |TAMS 0x0000000085200000, 0x0000000085200000| Complete 
|  62|0x0000000085200000, 0x0000000085300000, 0x0000000085300000|100%|HC|  |TAMS 0x0000000085300000, 0x0000000085300000| Complete 
|  63|0x0000000085300000, 0x0000000085400000, 0x0000000085400000|100%|HC|  |TAMS 0x0000000085400000, 0x0000000085400000| Complete 
|  64|0x0000000085400000, 0x0000000085500000, 0x0000000085500000|100%|HC|  |TAMS 0x0000000085500000, 0x0000000085500000| Complete 
|  65|0x0000000085500000, 0x0000000085600000, 0x0000000085600000|100%|HS|  |TAMS 0x0000000085600000, 0x0000000085600000| Complete 
|  66|0x0000000085600000, 0x0000000085700000, 0x0000000085700000|100%|HC|  |TAMS 0x0000000085700000, 0x0000000085700000| Complete 
|  67|0x0000000085700000, 0x0000000085800000, 0x0000000085800000|100%|HC|  |TAMS 0x0000000085800000, 0x0000000085800000| Complete 
|  68|0x0000000085800000, 0x0000000085900000, 0x0000000085900000|100%|HC|  |TAMS 0x0000000085900000, 0x0000000085900000| Complete 
|  69|0x0000000085900000, 0x0000000085a00000, 0x0000000085a00000|100%| O|  |TAMS 0x0000000085a00000, 0x0000000085a00000| Untracked 
|  70|0x0000000085a00000, 0x0000000085b00000, 0x0000000085b00000|100%| O|  |TAMS 0x0000000085b00000, 0x0000000085b00000| Untracked 
|  71|0x0000000085b00000, 0x0000000085c00000, 0x0000000085c00000|100%|HS|  |TAMS 0x0000000085c00000, 0x0000000085c00000| Complete 
|  72|0x0000000085c00000, 0x0000000085d00000, 0x0000000085d00000|100%|HC|  |TAMS 0x0000000085d00000, 0x0000000085d00000| Complete 
|  73|0x0000000085d00000, 0x0000000085e00000, 0x0000000085e00000|100%|HC|  |TAMS 0x0000000085e00000, 0x0000000085e00000| Complete 
|  74|0x0000000085e00000, 0x0000000085f00000, 0x0000000085f00000|100%|HC|  |TAMS 0x0000000085f00000, 0x0000000085f00000| Complete 
|  75|0x0000000085f00000, 0x0000000086000000, 0x0000000086000000|100%|HS|  |TAMS 0x0000000086000000, 0x0000000086000000| Complete 
|  76|0x0000000086000000, 0x0000000086100000, 0x0000000086100000|100%|HC|  |TAMS 0x0000000086100000, 0x0000000086100000| Complete 
|  77|0x0000000086100000, 0x0000000086200000, 0x0000000086200000|100%|HC|  |TAMS 0x0000000086200000, 0x0000000086200000| Complete 
|  78|0x0000000086200000, 0x0000000086300000, 0x0000000086300000|100%|HC|  |TAMS 0x0000000086300000, 0x0000000086300000| Complete 
|  79|0x0000000086300000, 0x0000000086400000, 0x0000000086400000|100%|HS|  |TAMS 0x0000000086400000, 0x0000000086400000| Complete 
|  80|0x0000000086400000, 0x0000000086500000, 0x0000000086500000|100%|HC|  |TAMS 0x0000000086500000, 0x0000000086500000| Complete 
|  81|0x0000000086500000, 0x0000000086600000, 0x0000000086600000|100%|HC|  |TAMS 0x0000000086600000, 0x0000000086600000| Complete 
|  82|0x0000000086600000, 0x0000000086700000, 0x0000000086700000|100%|HC|  |TAMS 0x0000000086700000, 0x0000000086700000| Complete 
|  83|0x0000000086700000, 0x0000000086800000, 0x0000000086800000|100%|HS|  |TAMS 0x0000000086800000, 0x0000000086800000| Complete 
|  84|0x0000000086800000, 0x0000000086900000, 0x0000000086900000|100%|HC|  |TAMS 0x0000000086900000, 0x0000000086900000| Complete 
|  85|0x0000000086900000, 0x0000000086a00000, 0x0000000086a00000|100%|HC|  |TAMS 0x0000000086a00000, 0x0000000086a00000| Complete 
|  86|0x0000000086a00000, 0x0000000086b00000, 0x0000000086b00000|100%|HC|  |TAMS 0x0000000086b00000, 0x0000000086b00000| Complete 
|  87|0x0000000086b00000, 0x0000000086c00000, 0x0000000086c00000|100%|HS|  |TAMS 0x0000000086b00000, 0x0000000086c00000| Complete 
|  88|0x0000000086c00000, 0x0000000086d00000, 0x0000000086d00000|100%|HC|  |TAMS 0x0000000086c00000, 0x0000000086d00000| Complete 
|  89|0x0000000086d00000, 0x0000000086e00000, 0x0000000086e00000|100%|HC|  |TAMS 0x0000000086d00000, 0x0000000086e00000| Complete 
|  90|0x0000000086e00000, 0x0000000086f00000, 0x0000000086f00000|100%|HC|  |TAMS 0x0000000086e00000, 0x0000000086f00000| Complete 
|  91|0x0000000086f00000, 0x0000000086f00000, 0x0000000087000000|  0%| F|  |TAMS 0x0000000086f00000, 0x0000000086f00000| Untracked 
|  92|0x0000000087000000, 0x0000000087000000, 0x0000000087100000|  0%| F|  |TAMS 0x0000000087000000, 0x0000000087000000| Untracked 
|  93|0x0000000087100000, 0x0000000087100000, 0x0000000087200000|  0%| F|  |TAMS 0x0000000087100000, 0x0000000087100000| Untracked 
|  94|0x0000000087200000, 0x0000000087200000, 0x0000000087300000|  0%| F|  |TAMS 0x0000000087200000, 0x0000000087200000| Untracked 
|  95|0x0000000087300000, 0x0000000087400000, 0x0000000087400000|100%|HS|  |TAMS 0x0000000087400000, 0x0000000087400000| Complete 
|  96|0x0000000087400000, 0x0000000087500000, 0x0000000087500000|100%|HC|  |TAMS 0x0000000087500000, 0x0000000087500000| Complete 
|  97|0x0000000087500000, 0x0000000087600000, 0x0000000087600000|100%|HC|  |TAMS 0x0000000087600000, 0x0000000087600000| Complete 
|  98|0x0000000087600000, 0x0000000087700000, 0x0000000087700000|100%|HC|  |TAMS 0x0000000087700000, 0x0000000087700000| Complete 
|  99|0x0000000087700000, 0x0000000087700000, 0x0000000087800000|  0%| F|  |TAMS 0x0000000087700000, 0x0000000087700000| Untracked 
| 100|0x0000000087800000, 0x0000000087800000, 0x0000000087900000|  0%| F|  |TAMS 0x0000000087800000, 0x0000000087800000| Untracked 
| 101|0x0000000087900000, 0x0000000087900000, 0x0000000087a00000|  0%| F|  |TAMS 0x0000000087900000, 0x0000000087900000| Untracked 
| 102|0x0000000087a00000, 0x0000000087a00000, 0x0000000087b00000|  0%| F|  |TAMS 0x0000000087a00000, 0x0000000087a00000| Untracked 
| 103|0x0000000087b00000, 0x0000000087b90a00, 0x0000000087c00000| 56%| O|  |TAMS 0x0000000087b90a00, 0x0000000087b90a00| Untracked 
| 104|0x0000000087c00000, 0x0000000087c00000, 0x0000000087d00000|  0%| F|  |TAMS 0x0000000087c00000, 0x0000000087c00000| Untracked 
| 105|0x0000000087d00000, 0x0000000087d00000, 0x0000000087e00000|  0%| F|  |TAMS 0x0000000087d00000, 0x0000000087d00000| Untracked 
| 106|0x0000000087e00000, 0x0000000087e00000, 0x0000000087f00000|  0%| F|  |TAMS 0x0000000087e00000, 0x0000000087e00000| Untracked 
| 107|0x0000000087f00000, 0x0000000087f00000, 0x0000000088000000|  0%| F|  |TAMS 0x0000000087f00000, 0x0000000087f00000| Untracked 
| 108|0x0000000088000000, 0x0000000088000000, 0x0000000088100000|  0%| F|  |TAMS 0x0000000088000000, 0x0000000088000000| Untracked 
| 109|0x0000000088100000, 0x0000000088100000, 0x0000000088200000|  0%| F|  |TAMS 0x0000000088100000, 0x0000000088100000| Untracked 
| 110|0x0000000088200000, 0x0000000088200000, 0x0000000088300000|  0%| F|  |TAMS 0x0000000088200000, 0x0000000088200000| Untracked 
| 111|0x0000000088300000, 0x0000000088300000, 0x0000000088400000|  0%| F|  |TAMS 0x0000000088300000, 0x0000000088300000| Untracked 
| 112|0x0000000088400000, 0x0000000088400000, 0x0000000088500000|  0%| F|  |TAMS 0x0000000088400000, 0x0000000088400000| Untracked 
| 113|0x0000000088500000, 0x0000000088500000, 0x0000000088600000|  0%| F|  |TAMS 0x0000000088500000, 0x0000000088500000| Untracked 
| 114|0x0000000088600000, 0x0000000088600000, 0x0000000088700000|  0%| F|  |TAMS 0x0000000088600000, 0x0000000088600000| Untracked 
| 115|0x0000000088700000, 0x0000000088700000, 0x0000000088800000|  0%| F|  |TAMS 0x0000000088700000, 0x0000000088700000| Untracked 
| 116|0x0000000088800000, 0x0000000088800000, 0x0000000088900000|  0%| F|  |TAMS 0x0000000088800000, 0x0000000088800000| Untracked 
| 117|0x0000000088900000, 0x0000000088900000, 0x0000000088a00000|  0%| F|  |TAMS 0x0000000088900000, 0x0000000088900000| Untracked 
| 118|0x0000000088a00000, 0x0000000088a00000, 0x0000000088b00000|  0%| F|  |TAMS 0x0000000088a00000, 0x0000000088a00000| Untracked 
| 119|0x0000000088b00000, 0x0000000088b00000, 0x0000000088c00000|  0%| F|  |TAMS 0x0000000088b00000, 0x0000000088b00000| Untracked 
| 120|0x0000000088c00000, 0x0000000088c00000, 0x0000000088d00000|  0%| F|  |TAMS 0x0000000088c00000, 0x0000000088c00000| Untracked 
| 121|0x0000000088d00000, 0x0000000088d00000, 0x0000000088e00000|  0%| F|  |TAMS 0x0000000088d00000, 0x0000000088d00000| Untracked 
| 122|0x0000000088e00000, 0x0000000088e00000, 0x0000000088f00000|  0%| F|  |TAMS 0x0000000088e00000, 0x0000000088e00000| Untracked 
| 123|0x0000000088f00000, 0x0000000088f00000, 0x0000000089000000|  0%| F|  |TAMS 0x0000000088f00000, 0x0000000088f00000| Untracked 
| 124|0x0000000089000000, 0x0000000089000000, 0x0000000089100000|  0%| F|  |TAMS 0x0000000089000000, 0x0000000089000000| Untracked 
| 125|0x0000000089100000, 0x0000000089100000, 0x0000000089200000|  0%| F|  |TAMS 0x0000000089100000, 0x0000000089100000| Untracked 
| 126|0x0000000089200000, 0x0000000089200000, 0x0000000089300000|  0%| F|  |TAMS 0x0000000089200000, 0x0000000089200000| Untracked 
| 127|0x0000000089300000, 0x0000000089300000, 0x0000000089400000|  0%| F|  |TAMS 0x0000000089300000, 0x0000000089300000| Untracked 
| 128|0x0000000089400000, 0x0000000089400000, 0x0000000089500000|  0%| F|  |TAMS 0x0000000089400000, 0x0000000089400000| Untracked 
| 129|0x0000000089500000, 0x0000000089500000, 0x0000000089600000|  0%| F|  |TAMS 0x0000000089500000, 0x0000000089500000| Untracked 
| 130|0x0000000089600000, 0x0000000089600000, 0x0000000089700000|  0%| F|  |TAMS 0x0000000089600000, 0x0000000089600000| Untracked 
| 131|0x0000000089700000, 0x0000000089700000, 0x0000000089800000|  0%| F|  |TAMS 0x0000000089700000, 0x0000000089700000| Untracked 
| 132|0x0000000089800000, 0x0000000089800000, 0x0000000089900000|  0%| F|  |TAMS 0x0000000089800000, 0x0000000089800000| Untracked 
| 133|0x0000000089900000, 0x0000000089900000, 0x0000000089a00000|  0%| F|  |TAMS 0x0000000089900000, 0x0000000089900000| Untracked 
| 134|0x0000000089a00000, 0x0000000089a00000, 0x0000000089b00000|  0%| F|  |TAMS 0x0000000089a00000, 0x0000000089a00000| Untracked 
| 135|0x0000000089b00000, 0x0000000089b00000, 0x0000000089c00000|  0%| F|  |TAMS 0x0000000089b00000, 0x0000000089b00000| Untracked 
| 136|0x0000000089c00000, 0x0000000089c00000, 0x0000000089d00000|  0%| F|  |TAMS 0x0000000089c00000, 0x0000000089c00000| Untracked 
| 137|0x0000000089d00000, 0x0000000089d00000, 0x0000000089e00000|  0%| F|  |TAMS 0x0000000089d00000, 0x0000000089d00000| Untracked 
| 138|0x0000000089e00000, 0x0000000089e00000, 0x0000000089f00000|  0%| F|  |TAMS 0x0000000089e00000, 0x0000000089e00000| Untracked 
| 139|0x0000000089f00000, 0x0000000089f00000, 0x000000008a000000|  0%| F|  |TAMS 0x0000000089f00000, 0x0000000089f00000| Untracked 
| 140|0x000000008a000000, 0x000000008a000000, 0x000000008a100000|  0%| F|  |TAMS 0x000000008a000000, 0x000000008a000000| Untracked 
| 141|0x000000008a100000, 0x000000008a100000, 0x000000008a200000|  0%| F|  |TAMS 0x000000008a100000, 0x000000008a100000| Untracked 
| 142|0x000000008a200000, 0x000000008a200000, 0x000000008a300000|  0%| F|  |TAMS 0x000000008a200000, 0x000000008a200000| Untracked 
| 143|0x000000008a300000, 0x000000008a300000, 0x000000008a400000|  0%| F|  |TAMS 0x000000008a300000, 0x000000008a300000| Untracked 
| 144|0x000000008a400000, 0x000000008a400000, 0x000000008a500000|  0%| F|  |TAMS 0x000000008a400000, 0x000000008a400000| Untracked 
| 145|0x000000008a500000, 0x000000008a500000, 0x000000008a600000|  0%| F|  |TAMS 0x000000008a500000, 0x000000008a500000| Untracked 
| 146|0x000000008a600000, 0x000000008a600000, 0x000000008a700000|  0%| F|  |TAMS 0x000000008a600000, 0x000000008a600000| Untracked 
| 147|0x000000008a700000, 0x000000008a700000, 0x000000008a800000|  0%| F|  |TAMS 0x000000008a700000, 0x000000008a700000| Untracked 
| 148|0x000000008a800000, 0x000000008a800000, 0x000000008a900000|  0%| F|  |TAMS 0x000000008a800000, 0x000000008a800000| Untracked 
| 149|0x000000008a900000, 0x000000008a900000, 0x000000008aa00000|  0%| F|  |TAMS 0x000000008a900000, 0x000000008a900000| Untracked 
| 150|0x000000008aa00000, 0x000000008aa00000, 0x000000008ab00000|  0%| F|  |TAMS 0x000000008aa00000, 0x000000008aa00000| Untracked 
| 151|0x000000008ab00000, 0x000000008ab00000, 0x000000008ac00000|  0%| F|  |TAMS 0x000000008ab00000, 0x000000008ab00000| Untracked 
| 152|0x000000008ac00000, 0x000000008ac00000, 0x000000008ad00000|  0%| F|  |TAMS 0x000000008ac00000, 0x000000008ac00000| Untracked 
| 153|0x000000008ad00000, 0x000000008ad00000, 0x000000008ae00000|  0%| F|  |TAMS 0x000000008ad00000, 0x000000008ad00000| Untracked 
| 154|0x000000008ae00000, 0x000000008ae00000, 0x000000008af00000|  0%| F|  |TAMS 0x000000008ae00000, 0x000000008ae00000| Untracked 
| 155|0x000000008af00000, 0x000000008af00000, 0x000000008b000000|  0%| F|  |TAMS 0x000000008af00000, 0x000000008af00000| Untracked 
| 156|0x000000008b000000, 0x000000008b000000, 0x000000008b100000|  0%| F|  |TAMS 0x000000008b000000, 0x000000008b000000| Untracked 
| 157|0x000000008b100000, 0x000000008b100000, 0x000000008b200000|  0%| F|  |TAMS 0x000000008b100000, 0x000000008b100000| Untracked 
| 158|0x000000008b200000, 0x000000008b200000, 0x000000008b300000|  0%| F|  |TAMS 0x000000008b200000, 0x000000008b200000| Untracked 
| 159|0x000000008b300000, 0x000000008b300000, 0x000000008b400000|  0%| F|  |TAMS 0x000000008b300000, 0x000000008b300000| Untracked 
| 160|0x000000008b400000, 0x000000008b400000, 0x000000008b500000|  0%| F|  |TAMS 0x000000008b400000, 0x000000008b400000| Untracked 
| 161|0x000000008b500000, 0x000000008b500000, 0x000000008b600000|  0%| F|  |TAMS 0x000000008b500000, 0x000000008b500000| Untracked 
| 162|0x000000008b600000, 0x000000008b600000, 0x000000008b700000|  0%| F|  |TAMS 0x000000008b600000, 0x000000008b600000| Untracked 
| 163|0x000000008b700000, 0x000000008b700000, 0x000000008b800000|  0%| F|  |TAMS 0x000000008b700000, 0x000000008b700000| Untracked 
| 164|0x000000008b800000, 0x000000008b800000, 0x000000008b900000|  0%| F|  |TAMS 0x000000008b800000, 0x000000008b800000| Untracked 
| 165|0x000000008b900000, 0x000000008b900000, 0x000000008ba00000|  0%| F|  |TAMS 0x000000008b900000, 0x000000008b900000| Untracked 
| 166|0x000000008ba00000, 0x000000008ba00000, 0x000000008bb00000|  0%| F|  |TAMS 0x000000008ba00000, 0x000000008ba00000| Untracked 
| 167|0x000000008bb00000, 0x000000008bb00000, 0x000000008bc00000|  0%| F|  |TAMS 0x000000008bb00000, 0x000000008bb00000| Untracked 
| 168|0x000000008bc00000, 0x000000008bc00000, 0x000000008bd00000|  0%| F|  |TAMS 0x000000008bc00000, 0x000000008bc00000| Untracked 
| 169|0x000000008bd00000, 0x000000008bd00000, 0x000000008be00000|  0%| F|  |TAMS 0x000000008bd00000, 0x000000008bd00000| Untracked 
| 170|0x000000008be00000, 0x000000008be00000, 0x000000008bf00000|  0%| F|  |TAMS 0x000000008be00000, 0x000000008be00000| Untracked 
| 171|0x000000008bf00000, 0x000000008bf00000, 0x000000008c000000|  0%| F|  |TAMS 0x000000008bf00000, 0x000000008bf00000| Untracked 
| 172|0x000000008c000000, 0x000000008c000000, 0x000000008c100000|  0%| F|  |TAMS 0x000000008c000000, 0x000000008c000000| Untracked 
| 173|0x000000008c100000, 0x000000008c100000, 0x000000008c200000|  0%| F|  |TAMS 0x000000008c100000, 0x000000008c100000| Untracked 
| 174|0x000000008c200000, 0x000000008c200000, 0x000000008c300000|  0%| F|  |TAMS 0x000000008c200000, 0x000000008c200000| Untracked 
| 175|0x000000008c300000, 0x000000008c300000, 0x000000008c400000|  0%| F|  |TAMS 0x000000008c300000, 0x000000008c300000| Untracked 
| 176|0x000000008c400000, 0x000000008c400000, 0x000000008c500000|  0%| F|  |TAMS 0x000000008c400000, 0x000000008c400000| Untracked 
| 177|0x000000008c500000, 0x000000008c500000, 0x000000008c600000|  0%| F|  |TAMS 0x000000008c500000, 0x000000008c500000| Untracked 
| 178|0x000000008c600000, 0x000000008c600000, 0x000000008c700000|  0%| F|  |TAMS 0x000000008c600000, 0x000000008c600000| Untracked 
| 179|0x000000008c700000, 0x000000008c700000, 0x000000008c800000|  0%| F|  |TAMS 0x000000008c700000, 0x000000008c700000| Untracked 
| 180|0x000000008c800000, 0x000000008c800000, 0x000000008c900000|  0%| F|  |TAMS 0x000000008c800000, 0x000000008c800000| Untracked 
| 181|0x000000008c900000, 0x000000008c900000, 0x000000008ca00000|  0%| F|  |TAMS 0x000000008c900000, 0x000000008c900000| Untracked 
| 182|0x000000008ca00000, 0x000000008ca00000, 0x000000008cb00000|  0%| F|  |TAMS 0x000000008ca00000, 0x000000008ca00000| Untracked 
| 183|0x000000008cb00000, 0x000000008cb00000, 0x000000008cc00000|  0%| F|  |TAMS 0x000000008cb00000, 0x000000008cb00000| Untracked 
| 184|0x000000008cc00000, 0x000000008cc00000, 0x000000008cd00000|  0%| F|  |TAMS 0x000000008cc00000, 0x000000008cc00000| Untracked 
| 185|0x000000008cd00000, 0x000000008cd00000, 0x000000008ce00000|  0%| F|  |TAMS 0x000000008cd00000, 0x000000008cd00000| Untracked 
| 186|0x000000008ce00000, 0x000000008ce00000, 0x000000008cf00000|  0%| F|  |TAMS 0x000000008ce00000, 0x000000008ce00000| Untracked 
| 187|0x000000008cf00000, 0x000000008cf00000, 0x000000008d000000|  0%| F|  |TAMS 0x000000008cf00000, 0x000000008cf00000| Untracked 
| 188|0x000000008d000000, 0x000000008d000000, 0x000000008d100000|  0%| F|  |TAMS 0x000000008d000000, 0x000000008d000000| Untracked 
| 189|0x000000008d100000, 0x000000008d100000, 0x000000008d200000|  0%| F|  |TAMS 0x000000008d100000, 0x000000008d100000| Untracked 
| 190|0x000000008d200000, 0x000000008d200000, 0x000000008d300000|  0%| F|  |TAMS 0x000000008d200000, 0x000000008d200000| Untracked 
| 191|0x000000008d300000, 0x000000008d300000, 0x000000008d400000|  0%| F|  |TAMS 0x000000008d300000, 0x000000008d300000| Untracked 
| 192|0x000000008d400000, 0x000000008d400000, 0x000000008d500000|  0%| F|  |TAMS 0x000000008d400000, 0x000000008d400000| Untracked 
| 193|0x000000008d500000, 0x000000008d500000, 0x000000008d600000|  0%| F|  |TAMS 0x000000008d500000, 0x000000008d500000| Untracked 
| 194|0x000000008d600000, 0x000000008d600000, 0x000000008d700000|  0%| F|  |TAMS 0x000000008d600000, 0x000000008d600000| Untracked 
| 195|0x000000008d700000, 0x000000008d700000, 0x000000008d800000|  0%| F|  |TAMS 0x000000008d700000, 0x000000008d700000| Untracked 
| 196|0x000000008d800000, 0x000000008d800000, 0x000000008d900000|  0%| F|  |TAMS 0x000000008d800000, 0x000000008d800000| Untracked 
| 197|0x000000008d900000, 0x000000008d900000, 0x000000008da00000|  0%| F|  |TAMS 0x000000008d900000, 0x000000008d900000| Untracked 
| 198|0x000000008da00000, 0x000000008da00000, 0x000000008db00000|  0%| F|  |TAMS 0x000000008da00000, 0x000000008da00000| Untracked 
| 199|0x000000008db00000, 0x000000008db00000, 0x000000008dc00000|  0%| F|  |TAMS 0x000000008db00000, 0x000000008db00000| Untracked 
| 200|0x000000008dc00000, 0x000000008dc00000, 0x000000008dd00000|  0%| F|  |TAMS 0x000000008dc00000, 0x000000008dc00000| Untracked 
| 201|0x000000008dd00000, 0x000000008dd00000, 0x000000008de00000|  0%| F|  |TAMS 0x000000008dd00000, 0x000000008dd00000| Untracked 
| 202|0x000000008de00000, 0x000000008de00000, 0x000000008df00000|  0%| F|  |TAMS 0x000000008de00000, 0x000000008de00000| Untracked 
| 203|0x000000008df00000, 0x000000008df00000, 0x000000008e000000|  0%| F|  |TAMS 0x000000008df00000, 0x000000008df00000| Untracked 
| 204|0x000000008e000000, 0x000000008e000000, 0x000000008e100000|  0%| F|  |TAMS 0x000000008e000000, 0x000000008e000000| Untracked 
| 205|0x000000008e100000, 0x000000008e100000, 0x000000008e200000|  0%| F|  |TAMS 0x000000008e100000, 0x000000008e100000| Untracked 
| 206|0x000000008e200000, 0x000000008e200000, 0x000000008e300000|  0%| F|  |TAMS 0x000000008e200000, 0x000000008e200000| Untracked 
| 207|0x000000008e300000, 0x000000008e300000, 0x000000008e400000|  0%| F|  |TAMS 0x000000008e300000, 0x000000008e300000| Untracked 
| 208|0x000000008e400000, 0x000000008e400000, 0x000000008e500000|  0%| F|  |TAMS 0x000000008e400000, 0x000000008e400000| Untracked 
| 209|0x000000008e500000, 0x000000008e500000, 0x000000008e600000|  0%| F|  |TAMS 0x000000008e500000, 0x000000008e500000| Untracked 
| 210|0x000000008e600000, 0x000000008e608a90, 0x000000008e700000|  3%| S|CS|TAMS 0x000000008e600000, 0x000000008e600000| Complete 
| 211|0x000000008e700000, 0x000000008e700000, 0x000000008e800000|  0%| F|  |TAMS 0x000000008e700000, 0x000000008e700000| Untracked 
| 212|0x000000008e800000, 0x000000008e800000, 0x000000008e900000|  0%| F|  |TAMS 0x000000008e800000, 0x000000008e800000| Untracked 

Card table byte_map: [0x0000016427710000,0x0000016427b10000] _byte_map_base: 0x0000016427306000

Marking Bits (Prev, Next): (CMBitMap*) 0x000001640fb026d8, (CMBitMap*) 0x000001640fb02718
 Prev Bits: [0x0000016427f10000, 0x0000016429ec0000)
 Next Bits: [0x0000016429ec0000, 0x000001642be70000)

Polling page: 0x000001640f290000

Metaspace:

Usage:
  Non-class:      6.83 MB capacity,     6.71 MB ( 98%) used,   111.12 KB (  2%) free+waste,    18.50 KB ( <1%) overhead. 
      Class:    921.00 KB capacity,   834.93 KB ( 91%) used,    74.07 KB (  8%) free+waste,    12.00 KB (  1%) overhead. 
       Both:      7.73 MB capacity,     7.52 MB ( 97%) used,   185.19 KB (  2%) free+waste,    30.50 KB ( <1%) overhead. 

Virtual space:
  Non-class space:        8.00 MB reserved,       7.00 MB ( 88%) committed 
      Class space:        1.00 GB reserved,       1.00 MB ( <1%) committed 
             Both:        1.01 GB reserved,       8.00 MB ( <1%) committed 

Chunk freelists:
   Non-Class:  42.00 KB
       Class:  7.00 KB
        Both:  49.00 KB

MaxMetaspaceSize: 17179869184.00 GB
CompressedClassSpaceSize: 1.00 GB

CodeHeap 'non-profiled nmethods': size=120000Kb used=332Kb max_used=333Kb free=119667Kb
 bounds [0x000001641fa90000, 0x000001641fd00000, 0x0000016426fc0000]
CodeHeap 'profiled nmethods': size=120000Kb used=1433Kb max_used=1558Kb free=118566Kb
 bounds [0x0000016418560000, 0x00000164187d0000, 0x000001641fa90000]
CodeHeap 'non-nmethods': size=5760Kb used=1362Kb max_used=1380Kb free=4398Kb
 bounds [0x0000016417fc0000, 0x0000016418230000, 0x0000016418560000]
 total_blobs=1944 nmethods=903 adapters=473
 compilation: enabled
              stopped_count=0, restarted_count=0
 full_count=0

Compilation events (20 events):
Event: 4.796 Thread 0x000001642e8cd800  959       3       java.util.AbstractCollection::isEmpty (13 bytes)
Event: 4.796 Thread 0x000001642e8cd800 nmethod 959 0x00000164186e5310 code [0x00000164186e54c0, 0x00000164186e5770]
Event: 4.796 Thread 0x000001642e8cd800  960       3       javax.imageio.spi.PartialOrderIterator::hasNext (16 bytes)
Event: 4.796 Thread 0x000001642e8cd800 nmethod 960 0x00000164186e5810 code [0x00000164186e59c0, 0x00000164186e5cf8]
Event: 4.967 Thread 0x000001642e8c8000  961       4       javax.imageio.stream.ImageInputStreamImpl::readInt (142 bytes)
Event: 4.971 Thread 0x000001642e8c8000 nmethod 961 0x000001641fae3090 code [0x000001641fae3240, 0x000001641fae3448]
Event: 5.016 Thread 0x000001642e8cd800  962       3       java.lang.StringConcatHelper::newString (67 bytes)
Event: 5.019 Thread 0x000001642e8cd800 nmethod 962 0x0000016418582e90 code [0x0000016418583140, 0x0000016418583e30]
Event: 5.019 Thread 0x000001642e8cd800  963       3       java.util.LinkedList::removeFirst (23 bytes)
Event: 5.020 Thread 0x000001642e8cd800 nmethod 963 0x0000016418684c90 code [0x0000016418684e60, 0x00000164186850e0]
Event: 5.020 Thread 0x000001642e8cd800  964       3       java.util.LinkedList::unlinkFirst (64 bytes)
Event: 5.020 Thread 0x000001642e8cd800 nmethod 964 0x000001641865c210 code [0x000001641865c3c0, 0x000001641865c6d8]
Event: 5.020 Thread 0x000001642e8cd800  965       3       javax.imageio.stream.ImageInputStreamImpl::reset (69 bytes)
Event: 5.021 Thread 0x000001642e8cd800 nmethod 965 0x0000016418675e10 code [0x0000016418676180, 0x0000016418678720]
Event: 5.022 Thread 0x000001642e8cd800  966       3       java.util.Stack::empty (13 bytes)
Event: 5.022 Thread 0x000001642e8cd800 nmethod 966 0x0000016418563f90 code [0x0000016418564140, 0x0000016418564578]
Event: 5.022 Thread 0x000001642e8cd800  967       3       javax.imageio.stream.ImageInputStreamImpl::setBitOffset (30 bytes)
Event: 5.022 Thread 0x000001642e8cd800 nmethod 967 0x000001641857ec10 code [0x000001641857ee00, 0x000001641857f260]
Event: 5.096 Thread 0x000001642e8cd800  968       1       java.awt.Component::isEnabledImpl (5 bytes)
Event: 5.098 Thread 0x000001642e8cd800 nmethod 968 0x000001641fa94290 code [0x000001641fa94420, 0x000001641fa94558]

GC Heap History (20 events):
Event: 4.869 GC heap after
{Heap after GC invocations=34 (full 0):
 garbage-first heap   total 179200K, used 93713K [0x0000000081400000, 0x0000000100000000)
  region size 1024K, 1 young (1024K), 1 survivors (1024K)
 Metaspace       used 7699K, capacity 7919K, committed 8192K, reserved 1056768K
  class space    used 834K, capacity 921K, committed 1024K, reserved 1048576K
}
Event: 4.941 GC heap before
{Heap before GC invocations=35 (full 0):
 garbage-first heap   total 179200K, used 106001K [0x0000000081400000, 0x0000000100000000)
  region size 1024K, 6 young (6144K), 1 survivors (1024K)
 Metaspace       used 7699K, capacity 7919K, committed 8192K, reserved 1056768K
  class space    used 834K, capacity 921K, committed 1024K, reserved 1048576K
}
Event: 4.942 GC heap after
{Heap after GC invocations=36 (full 0):
 garbage-first heap   total 179200K, used 101944K [0x0000000081400000, 0x0000000100000000)
  region size 1024K, 1 young (1024K), 1 survivors (1024K)
 Metaspace       used 7699K, capacity 7919K, committed 8192K, reserved 1056768K
  class space    used 834K, capacity 921K, committed 1024K, reserved 1048576K
}
Event: 4.997 GC heap before
{Heap before GC invocations=37 (full 0):
 garbage-first heap   total 181248K, used 110136K [0x0000000081400000, 0x0000000100000000)
  region size 1024K, 6 young (6144K), 1 survivors (1024K)
 Metaspace       used 7699K, capacity 7919K, committed 8192K, reserved 1056768K
  class space    used 834K, capacity 921K, committed 1024K, reserved 1048576K
}
Event: 4.997 GC heap after
{Heap after GC invocations=38 (full 0):
 garbage-first heap   total 181248K, used 93733K [0x0000000081400000, 0x0000000100000000)
  region size 1024K, 1 young (1024K), 1 survivors (1024K)
 Metaspace       used 7699K, capacity 7919K, committed 8192K, reserved 1056768K
  class space    used 834K, capacity 921K, committed 1024K, reserved 1048576K
}
Event: 5.010 GC heap before
{Heap before GC invocations=39 (full 0):
 garbage-first heap   total 181248K, used 97829K [0x0000000081400000, 0x0000000100000000)
  region size 1024K, 2 young (2048K), 1 survivors (1024K)
 Metaspace       used 7699K, capacity 7919K, committed 8192K, reserved 1056768K
  class space    used 834K, capacity 921K, committed 1024K, reserved 1048576K
}
Event: 5.011 GC heap after
{Heap after GC invocations=40 (full 0):
 garbage-first heap   total 181248K, used 93744K [0x0000000081400000, 0x0000000100000000)
  region size 1024K, 1 young (1024K), 1 survivors (1024K)
 Metaspace       used 7699K, capacity 7919K, committed 8192K, reserved 1056768K
  class space    used 834K, capacity 921K, committed 1024K, reserved 1048576K
}
Event: 5.017 GC heap before
{Heap before GC invocations=41 (full 0):
 garbage-first heap   total 181248K, used 98864K [0x0000000081400000, 0x0000000100000000)
  region size 1024K, 3 young (3072K), 1 survivors (1024K)
 Metaspace       used 7700K, capacity 7919K, committed 8192K, reserved 1056768K
  class space    used 834K, capacity 921K, committed 1024K, reserved 1048576K
}
Event: 5.018 GC heap after
{Heap after GC invocations=42 (full 0):
 garbage-first heap   total 181248K, used 97875K [0x0000000081400000, 0x0000000100000000)
  region size 1024K, 1 young (1024K), 1 survivors (1024K)
 Metaspace       used 7700K, capacity 7919K, committed 8192K, reserved 1056768K
  class space    used 834K, capacity 921K, committed 1024K, reserved 1048576K
}
Event: 5.075 GC heap before
{Heap before GC invocations=43 (full 0):
 garbage-first heap   total 181248K, used 106067K [0x0000000081400000, 0x0000000100000000)
  region size 1024K, 6 young (6144K), 1 survivors (1024K)
 Metaspace       used 7703K, capacity 7919K, committed 8192K, reserved 1056768K
  class space    used 834K, capacity 921K, committed 1024K, reserved 1048576K
}
Event: 5.076 GC heap after
{Heap after GC invocations=44 (full 0):
 garbage-first heap   total 181248K, used 93756K [0x0000000081400000, 0x0000000100000000)
  region size 1024K, 1 young (1024K), 1 survivors (1024K)
 Metaspace       used 7703K, capacity 7919K, committed 8192K, reserved 1056768K
  class space    used 834K, capacity 921K, committed 1024K, reserved 1048576K
}
Event: 5.089 GC heap before
{Heap before GC invocations=45 (full 0):
 garbage-first heap   total 181248K, used 97852K [0x0000000081400000, 0x0000000100000000)
  region size 1024K, 2 young (2048K), 1 survivors (1024K)
 Metaspace       used 7703K, capacity 7919K, committed 8192K, reserved 1056768K
  class space    used 834K, capacity 921K, committed 1024K, reserved 1048576K
}
Event: 5.091 GC heap after
{Heap after GC invocations=46 (full 0):
 garbage-first heap   total 218112K, used 93766K [0x0000000081400000, 0x0000000100000000)
  region size 1024K, 1 young (1024K), 1 survivors (1024K)
 Metaspace       used 7703K, capacity 7919K, committed 8192K, reserved 1056768K
  class space    used 834K, capacity 921K, committed 1024K, reserved 1048576K
}
Event: 5.101 GC heap before
{Heap before GC invocations=47 (full 0):
 garbage-first heap   total 218112K, used 98886K [0x0000000081400000, 0x0000000100000000)
  region size 1024K, 3 young (3072K), 1 survivors (1024K)
 Metaspace       used 7703K, capacity 7919K, committed 8192K, reserved 1056768K
  class space    used 834K, capacity 921K, committed 1024K, reserved 1048576K
}
Event: 5.102 GC heap after
{Heap after GC invocations=48 (full 0):
 garbage-first heap   total 218112K, used 97895K [0x0000000081400000, 0x0000000100000000)
  region size 1024K, 1 young (1024K), 1 survivors (1024K)
 Metaspace       used 7703K, capacity 7919K, committed 8192K, reserved 1056768K
  class space    used 834K, capacity 921K, committed 1024K, reserved 1048576K
}
Event: 5.154 GC heap before
{Heap before GC invocations=49 (full 0):
 garbage-first heap   total 218112K, used 106087K [0x0000000081400000, 0x0000000100000000)
  region size 1024K, 6 young (6144K), 1 survivors (1024K)
 Metaspace       used 7703K, capacity 7919K, committed 8192K, reserved 1056768K
  class space    used 834K, capacity 921K, committed 1024K, reserved 1048576K
}
Event: 5.155 GC heap after
{Heap after GC invocations=50 (full 0):
 garbage-first heap   total 218112K, used 93772K [0x0000000081400000, 0x0000000100000000)
  region size 1024K, 1 young (1024K), 1 survivors (1024K)
 Metaspace       used 7703K, capacity 7919K, committed 8192K, reserved 1056768K
  class space    used 834K, capacity 921K, committed 1024K, reserved 1048576K
}
Event: 5.167 GC heap before
{Heap before GC invocations=51 (full 0):
 garbage-first heap   total 218112K, used 97868K [0x0000000081400000, 0x0000000100000000)
  region size 1024K, 2 young (2048K), 1 survivors (1024K)
 Metaspace       used 7703K, capacity 7919K, committed 8192K, reserved 1056768K
  class space    used 834K, capacity 921K, committed 1024K, reserved 1048576K
}
Event: 5.168 GC heap after
{Heap after GC invocations=52 (full 0):
 garbage-first heap   total 218112K, used 93774K [0x0000000081400000, 0x0000000100000000)
  region size 1024K, 1 young (1024K), 1 survivors (1024K)
 Metaspace       used 7703K, capacity 7919K, committed 8192K, reserved 1056768K
  class space    used 834K, capacity 921K, committed 1024K, reserved 1048576K
}
Event: 5.177 GC heap before
{Heap before GC invocations=53 (full 0):
 garbage-first heap   total 218112K, used 97870K [0x0000000081400000, 0x0000000100000000)
  region size 1024K, 2 young (2048K), 1 survivors (1024K)
 Metaspace       used 7703K, capacity 7919K, committed 8192K, reserved 1056768K
  class space    used 834K, capacity 921K, committed 1024K, reserved 1048576K
}

Deoptimization events (20 events):
Event: 0.992 Thread 0x000001642fd25800 DEOPT PACKING pc=0x000001641865c549 sp=0x000000199f2fe8f0
Event: 0.992 Thread 0x000001642fd25800 DEOPT UNPACKING pc=0x000001641800964e sp=0x000000199f2fdd80 mode 0
Event: 0.998 Thread 0x000001642fd25800 DEOPT PACKING pc=0x000001641865c549 sp=0x000000199f2fe8f0
Event: 0.998 Thread 0x000001642fd25800 DEOPT UNPACKING pc=0x000001641800964e sp=0x000000199f2fdd80 mode 0
Event: 0.999 Thread 0x000001642fd25800 DEOPT PACKING pc=0x000001641865c549 sp=0x000000199f2fe8f0
Event: 0.999 Thread 0x000001642fd25800 DEOPT UNPACKING pc=0x000001641800964e sp=0x000000199f2fdd80 mode 0
Event: 1.000 Thread 0x000001642fd25800 DEOPT PACKING pc=0x000001641865c549 sp=0x000000199f2fe8f0
Event: 1.000 Thread 0x000001642fd25800 DEOPT UNPACKING pc=0x000001641800964e sp=0x000000199f2fdd80 mode 0
Event: 1.001 Thread 0x000001642fd25800 DEOPT PACKING pc=0x000001641865c549 sp=0x000000199f2fe8f0
Event: 1.001 Thread 0x000001642fd25800 DEOPT UNPACKING pc=0x000001641800964e sp=0x000000199f2fdd80 mode 0
Event: 1.004 Thread 0x000001642fd25800 DEOPT PACKING pc=0x000001641865c549 sp=0x000000199f2fe8f0
Event: 1.004 Thread 0x000001642fd25800 DEOPT UNPACKING pc=0x000001641800964e sp=0x000000199f2fdd80 mode 0
Event: 1.004 Thread 0x000001642fd25800 DEOPT PACKING pc=0x000001641865c549 sp=0x000000199f2fe8f0
Event: 1.004 Thread 0x000001642fd25800 DEOPT UNPACKING pc=0x000001641800964e sp=0x000000199f2fdd80 mode 0
Event: 1.006 Thread 0x000001642fd25800 DEOPT PACKING pc=0x000001641865c549 sp=0x000000199f2fe8f0
Event: 1.006 Thread 0x000001642fd25800 DEOPT UNPACKING pc=0x000001641800964e sp=0x000000199f2fdd80 mode 0
Event: 1.006 Thread 0x000001642fd25800 DEOPT PACKING pc=0x000001641865c549 sp=0x000000199f2fe8f0
Event: 1.006 Thread 0x000001642fd25800 DEOPT UNPACKING pc=0x000001641800964e sp=0x000000199f2fdd80 mode 0
Event: 1.007 Thread 0x000001642fd25800 DEOPT PACKING pc=0x000001641865c549 sp=0x000000199f2fe8f0
Event: 1.007 Thread 0x000001642fd25800 DEOPT UNPACKING pc=0x000001641800964e sp=0x000000199f2fdd80 mode 0

Classes unloaded (0 events):
No events

Classes redefined (0 events):
No events

Internal exceptions (12 events):
Event: 0.322 Thread 0x000001640fabe000 Exception <a 'java/lang/ClassNotFoundException'{0x0000000089276140}: sun/awt/resources/spi/awtProvider> (0x0000000089276140) 
thrown [t:/workspace/open/src/hotspot/share/classfile/systemDictionary.cpp, line 232]
Event: 0.362 Thread 0x000001640fabe000 Exception <a 'java/io/FileNotFoundException'{0x00000000891467a0}> (0x00000000891467a0) 
thrown [t:/workspace/open/src/hotspot/share/prims/jni.cpp, line 598]
Event: 0.371 Thread 0x000001640fabe000 Exception <a 'java/io/FileNotFoundException'{0x000000008916d0e0}> (0x000000008916d0e0) 
thrown [t:/workspace/open/src/hotspot/share/prims/jni.cpp, line 598]
Event: 0.447 Thread 0x000001642f5bd000 Exception <a 'java/lang/NoSuchMethodError'{0x00000000891fb388}: 'void java.lang.invoke.DirectMethodHandle$Holder.invokeSpecial(java.lang.Object, java.lang.Object)'> (0x00000000891fb388) 
thrown [t:/workspace/open/src/hotspot/share/interpreter/linkResolver.cpp, line 767]
Event: 0.502 Thread 0x000001640fabe000 Exception <a 'java/lang/NoSuchMethodError'{0x00000000890292d8}: 'java.lang.Object java.lang.invoke.DirectMethodHandle$Holder.invokeStatic(java.lang.Object, int, java.lang.Object, java.lang.Object, java.lang.Object, java.lang.Object)'> (0x00000000890292d8) 
thrown [t:/workspace/open/src/hotspot/share/interpreter/linkResolver.cpp, line 767]
Event: 0.503 Thread 0x000001640fabe000 Exception <a 'java/lang/NoSuchMethodError'{0x000000008902fc38}: 'java.lang.Object java.lang.invoke.DirectMethodHandle$Holder.invokeStatic(java.lang.Object, int, java.lang.Object, java.lang.Object, java.lang.Object)'> (0x000000008902fc38) 
thrown [t:/workspace/open/src/hotspot/share/interpreter/linkResolver.cpp, line 767]
Event: 0.504 Thread 0x000001640fabe000 Exception <a 'java/lang/NoSuchMethodError'{0x00000000890334a0}: 'java.lang.Object java.lang.invoke.DirectMethodHandle$Holder.invokeSpecial(java.lang.Object, java.lang.Object, int, java.lang.Object, java.lang.Object, java.lang.Object)'> (0x00000000890334a0) 
thrown [t:/workspace/open/src/hotspot/share/interpreter/linkResolver.cpp, line 767]
Event: 0.509 Thread 0x000001640fabe000 Exception <a 'java/lang/NoSuchMethodError'{0x00000000890497c8}: 'java.lang.Object java.lang.invoke.DirectMethodHandle$Holder.invokeStatic(java.lang.Object, int, java.lang.Object)'> (0x00000000890497c8) 
thrown [t:/workspace/open/src/hotspot/share/interpreter/linkResolver.cpp, line 767]
Event: 0.534 Thread 0x000001640fabe000 Exception <a 'java/lang/ClassNotFoundException'{0x00000000890eca40}: com/sun/swing/internal/plaf/metal/resources/spi/metalProvider> (0x00000000890eca40) 
thrown [t:/workspace/open/src/hotspot/share/classfile/systemDictionary.cpp, line 232]
Event: 0.535 Thread 0x000001640fabe000 Exception <a 'java/lang/ClassNotFoundException'{0x00000000890f0800}: com/sun/swing/internal/plaf/basic/resources/spi/basicProvider> (0x00000000890f0800) 
thrown [t:/workspace/open/src/hotspot/share/classfile/systemDictionary.cpp, line 232]
Event: 0.583 Thread 0x000001640fabe000 Exception <a 'java/lang/NoSuchMethodError'{0x0000000088f3b670}: 'void java.lang.invoke.DirectMethodHandle$Holder.invokeStaticInit(java.lang.Object)'> (0x0000000088f3b670) 
thrown [t:/workspace/open/src/hotspot/share/interpreter/linkResolver.cpp, line 767]
Event: 0.634 Thread 0x000001640fabe000 Exception <a 'java/lang/NoSuchMethodError'{0x0000000088e16878}: 'java.lang.Object java.lang.invoke.Invokers$Holder.linkToTargetMethod(java.lang.Object, int, java.lang.Object)'> (0x0000000088e16878) 
thrown [t:/workspace/open/src/hotspot/share/interpreter/linkResolver.cpp, line 767]

Events (20 events):
Event: 5.102 Executing VM operation: G1CollectForAllocation done
Event: 5.105 Executing VM operation: G1Concurrent
Event: 5.106 Executing VM operation: G1Concurrent done
Event: 5.108 Executing VM operation: G1Concurrent
Event: 5.108 Executing VM operation: G1Concurrent done
Event: 5.154 Executing VM operation: G1CollectForAllocation
Event: 5.155 Executing VM operation: G1CollectForAllocation done
Event: 5.155 Executing VM operation: RevokeBias
Event: 5.155 Executing VM operation: RevokeBias done
Event: 5.159 Executing VM operation: G1Concurrent
Event: 5.160 Executing VM operation: G1Concurrent done
Event: 5.161 Executing VM operation: G1Concurrent
Event: 5.161 Executing VM operation: G1Concurrent done
Event: 5.167 Executing VM operation: G1CollectForAllocation
Event: 5.168 Executing VM operation: G1CollectForAllocation done
Event: 5.172 Executing VM operation: G1Concurrent
Event: 5.173 Executing VM operation: G1Concurrent done
Event: 5.176 Executing VM operation: G1Concurrent
Event: 5.176 Executing VM operation: G1Concurrent done
Event: 5.177 Executing VM operation: G1CollectForAllocation


Dynamic libraries:
0x00007ff6edb80000 - 0x00007ff6edb8f000 	C:\Program Files\Java\jdk-13.0.2\bin\java.exe
0x00007ffb02160000 - 0x00007ffb0234d000 	C:\WINDOWS\SYSTEM32\ntdll.dll
0x00007ffb01470000 - 0x00007ffb01523000 	C:\WINDOWS\System32\KERNEL32.DLL
0x00007ffafe3c0000 - 0x00007ffafe655000 	C:\WINDOWS\System32\KERNELBASE.dll
0x00007ffaff150000 - 0x00007ffaff24a000 	C:\WINDOWS\System32\ucrtbase.dll
0x00007ffae6860000 - 0x00007ffae6878000 	C:\Program Files\Java\jdk-13.0.2\bin\jli.dll
0x00007ffae67d0000 - 0x00007ffae67e5000 	C:\Program Files\Java\jdk-13.0.2\bin\VCRUNTIME140.dll
0x00007ffb018e0000 - 0x00007ffb01983000 	C:\WINDOWS\System32\ADVAPI32.dll
0x00007ffb01720000 - 0x00007ffb017be000 	C:\WINDOWS\System32\msvcrt.dll
0x00007ffb017d0000 - 0x00007ffb0186e000 	C:\WINDOWS\System32\sechost.dll
0x00007ffaff7b0000 - 0x00007ffaff8d2000 	C:\WINDOWS\System32\RPCRT4.dll
0x00007ffaff380000 - 0x00007ffaff517000 	C:\WINDOWS\System32\USER32.dll
0x00007ffae4dc0000 - 0x00007ffae5039000 	C:\WINDOWS\WinSxS\amd64_microsoft.windows.common-controls_6595b64144ccf1df_6.0.17763.1217_none_de6e4304534e0ad3\COMCTL32.dll
0x00007ffaff090000 - 0x00007ffaff0b0000 	C:\WINDOWS\System32\win32u.dll
0x00007ffaffc40000 - 0x00007ffafff6c000 	C:\WINDOWS\System32\combase.dll
0x00007ffb016f0000 - 0x00007ffb01719000 	C:\WINDOWS\System32\GDI32.dll
0x00007ffafe6e0000 - 0x00007ffafe75e000 	C:\WINDOWS\System32\bcryptPrimitives.dll
0x00007ffafe220000 - 0x00007ffafe3b9000 	C:\WINDOWS\System32\gdi32full.dll
0x00007ffaff0b0000 - 0x00007ffaff150000 	C:\WINDOWS\System32\msvcp_win.dll
0x00007ffaf4b10000 - 0x00007ffaf4b1a000 	C:\WINDOWS\SYSTEM32\VERSION.dll
0x00007ffaff8e0000 - 0x00007ffaff90e000 	C:\WINDOWS\System32\IMM32.DLL
0x00007ffad7420000 - 0x00007ffad74bb000 	C:\Program Files\Java\jdk-13.0.2\bin\msvcp140.dll
0x00007ffaa5df0000 - 0x00007ffaa694d000 	C:\Program Files\Java\jdk-13.0.2\bin\server\jvm.dll
0x00007ffb018d0000 - 0x00007ffb018d8000 	C:\WINDOWS\System32\PSAPI.DLL
0x00007ffaedd50000 - 0x00007ffaedd59000 	C:\WINDOWS\SYSTEM32\WSOCK32.dll
0x00007ffafbf20000 - 0x00007ffafbf44000 	C:\WINDOWS\SYSTEM32\WINMM.dll
0x00007ffaff910000 - 0x00007ffaff97d000 	C:\WINDOWS\System32\WS2_32.dll
0x00007ffafbef0000 - 0x00007ffafbf1d000 	C:\WINDOWS\SYSTEM32\WINMMBASE.dll
0x00007ffafe690000 - 0x00007ffafe6da000 	C:\WINDOWS\System32\cfgmgr32.dll
0x00007ffafe170000 - 0x00007ffafe181000 	C:\WINDOWS\System32\kernel.appcore.dll
0x00007ffafa950000 - 0x00007ffafa960000 	C:\Program Files\Java\jdk-13.0.2\bin\verify.dll
0x00007ffaecbc0000 - 0x00007ffaecdad000 	C:\WINDOWS\SYSTEM32\DBGHELP.DLL
0x00007ffaed430000 - 0x00007ffaed45a000 	C:\WINDOWS\SYSTEM32\dbgcore.DLL
0x00007ffadddc0000 - 0x00007ffaddde6000 	C:\Program Files\Java\jdk-13.0.2\bin\java.dll
0x00007ffaf50b0000 - 0x00007ffaf50e8000 	C:\Program Files\Java\jdk-13.0.2\bin\jdwp.dll
0x00007ffae6760000 - 0x00007ffae6777000 	C:\Program Files\Java\jdk-13.0.2\bin\zip.dll
0x00007ffafa4e0000 - 0x00007ffafa4ea000 	C:\Program Files\Java\jdk-13.0.2\bin\jimage.dll
0x00007ffafff70000 - 0x00007ffb01464000 	C:\WINDOWS\System32\SHELL32.dll
0x00007ffb01990000 - 0x00007ffb01a38000 	C:\WINDOWS\System32\shcore.dll
0x00007ffafe760000 - 0x00007ffafeeae000 	C:\WINDOWS\System32\windows.storage.dll
0x00007ffafe190000 - 0x00007ffafe1b4000 	C:\WINDOWS\System32\profapi.dll
0x00007ffafe1c0000 - 0x00007ffafe21d000 	C:\WINDOWS\System32\powrprof.dll
0x00007ffaffa50000 - 0x00007ffaffaa2000 	C:\WINDOWS\System32\shlwapi.dll
0x00007ffaff250000 - 0x00007ffaff267000 	C:\WINDOWS\System32\cryptsp.dll
0x00007ffafaa20000 - 0x00007ffafaa2b000 	C:\Program Files\Java\jdk-13.0.2\bin\dt_socket.dll
0x00007ffafd9c0000 - 0x00007ffafda27000 	C:\WINDOWS\system32\mswsock.dll
0x00007ffafd730000 - 0x00007ffafd7f7000 	C:\WINDOWS\SYSTEM32\DNSAPI.dll
0x00007ffaff7a0000 - 0x00007ffaff7a8000 	C:\WINDOWS\System32\NSI.dll
0x00007ffafd6e0000 - 0x00007ffafd71d000 	C:\WINDOWS\SYSTEM32\IPHLPAPI.DLL
0x0000000065320000 - 0x000000006532a000 	C:\Program Files\National Instruments\Shared\mDNS Responder\nimdnsNSP.dll
0x0000000065310000 - 0x0000000065320000 	C:\WINDOWS\SYSTEM32\nimdnsResponder.dll
0x00007ffaf5620000 - 0x00007ffaf562a000 	C:\Windows\System32\rasadhlp.dll
0x00007ffaf5890000 - 0x00007ffaf5909000 	C:\WINDOWS\System32\fwpuclnt.dll
0x00007ffafe660000 - 0x00007ffafe686000 	C:\WINDOWS\System32\bcrypt.dll
0x00007ffae5320000 - 0x00007ffae5339000 	C:\Program Files\Java\jdk-13.0.2\bin\net.dll
0x00007ffaf5720000 - 0x00007ffaf5812000 	C:\WINDOWS\SYSTEM32\WINHTTP.dll
0x00007ffae29c0000 - 0x00007ffae29d3000 	C:\Program Files\Java\jdk-13.0.2\bin\nio.dll
0x00007ffac8840000 - 0x00007ffac89d9000 	C:\Program Files\Java\jdk-13.0.2\bin\awt.dll
0x00007ffaff6d0000 - 0x00007ffaff794000 	C:\WINDOWS\System32\OLEAUT32.dll
0x00007ffafc660000 - 0x00007ffafc6ec000 	C:\WINDOWS\SYSTEM32\apphelp.dll
0x00007ffafca50000 - 0x00007ffafca7e000 	C:\WINDOWS\system32\DWMAPI.DLL
0x00007ffafeeb0000 - 0x00007ffaff08c000 	C:\WINDOWS\System32\CRYPT32.dll
0x00007ffafe150000 - 0x00007ffafe162000 	C:\WINDOWS\System32\MSASN1.dll
0x00007ffafc980000 - 0x00007ffafca1c000 	C:\WINDOWS\system32\uxtheme.dll
0x00007ffae1090000 - 0x00007ffae11b7000 	C:\WINDOWS\system32\opengl32.dll
0x00007ffaf4e70000 - 0x00007ffaf4e9c000 	C:\WINDOWS\SYSTEM32\GLU32.dll
0x00007ffb01a40000 - 0x00007ffb01bac000 	C:\WINDOWS\System32\MSCTF.dll
0x00007ffb01530000 - 0x00007ffb01685000 	C:\WINDOWS\System32\ole32.dll
0x00007ffacb7f0000 - 0x00007ffacb872000 	C:\Program Files\Java\jdk-13.0.2\bin\freetype.dll
0x00007ffac9770000 - 0x00007ffac9816000 	C:\Program Files\Java\jdk-13.0.2\bin\fontmanager.dll
0x00007ffaf3960000 - 0x00007ffaf39f5000 	C:\WINDOWS\System32\TextInputFramework.dll
0x00007ffaf8d60000 - 0x00007ffaf9082000 	C:\WINDOWS\System32\CoreUIComponents.dll
0x00007ffafbf50000 - 0x00007ffafc032000 	C:\WINDOWS\System32\CoreMessaging.dll
0x00007ffafd1c0000 - 0x00007ffafd1f1000 	C:\WINDOWS\SYSTEM32\ntmarta.dll
0x00007ffaf9800000 - 0x00007ffaf9953000 	C:\WINDOWS\SYSTEM32\wintypes.dll
0x00007ffae6820000 - 0x00007ffae6831000 	C:\Program Files\Java\jdk-13.0.2\bin\jsound.dll
0x00007ffadf4a0000 - 0x00007ffadf536000 	C:\WINDOWS\SYSTEM32\DSOUND.dll
0x00007ffaff9a0000 - 0x00007ffaffa42000 	C:\WINDOWS\System32\clbcatq.dll
0x00007ffaf5a20000 - 0x00007ffaf5a90000 	C:\WINDOWS\System32\MMDevApi.dll
0x00007ffafab20000 - 0x00007ffafacc9000 	C:\WINDOWS\System32\PROPSYS.dll
0x00007ffafdf60000 - 0x00007ffafdf89000 	C:\WINDOWS\System32\DEVOBJ.dll
0x00007ffae2460000 - 0x00007ffae24a4000 	C:\WINDOWS\SYSTEM32\wdmaud.drv
0x00007ffaf4f90000 - 0x00007ffaf4f99000 	C:\WINDOWS\SYSTEM32\ksuser.dll
0x00007ffaf9610000 - 0x00007ffaf961a000 	C:\WINDOWS\SYSTEM32\AVRT.dll
0x00007ffaf6e70000 - 0x00007ffaf6fb8000 	C:\WINDOWS\SYSTEM32\AUDIOSES.DLL
0x00007ffafa460000 - 0x00007ffafa46d000 	C:\WINDOWS\SYSTEM32\msacm32.drv
0x00007ffaf4fd0000 - 0x00007ffaf4fec000 	C:\WINDOWS\SYSTEM32\MSACM32.dll
0x00007ffaf6030000 - 0x00007ffaf603a000 	C:\WINDOWS\SYSTEM32\midimap.dll
0x00007ffafc740000 - 0x00007ffafc754000 	C:\WINDOWS\SYSTEM32\resourcepolicyclient.dll
0x00007ffaf4210000 - 0x00007ffaf434a000 	C:\Windows\System32\Windows.UI.dll
0x00007ffaf3a00000 - 0x00007ffaf3acc000 	C:\Windows\System32\InputHost.dll
0x00007ffafb530000 - 0x00007ffafbaee000 	C:\Windows\System32\d2d1.dll
0x00007ffafc760000 - 0x00007ffafc974000 	C:\Windows\System32\twinapi.appcore.dll
0x00007ffafb2b0000 - 0x00007ffafb52e000 	C:\Windows\System32\d3d11.dll
0x00007ffafc710000 - 0x00007ffafc738000 	C:\Windows\System32\RMCLIENT.dll
0x00007ffafce80000 - 0x00007ffafcf42000 	C:\Windows\System32\dxgi.dll

dbghelp: loaded successfully - version: 4.0.5 - missing functions: none
symbol engine: initialized successfully - sym options: 0x614 - pdb path: .;C:\Program Files\Java\jdk-13.0.2\bin;C:\WINDOWS\SYSTEM32;C:\WINDOWS\WinSxS\amd64_microsoft.windows.common-controls_6595b64144ccf1df_6.0.17763.1217_none_de6e4304534e0ad3;C:\Program Files\Java\jdk-13.0.2\bin\server;C:\Program Files\National Instruments\Shared\mDNS Responder

VM Arguments:
jvm_args: -agentlib:jdwp=transport=dt_socket,server=n,suspend=y,address=localhost:54315 -Dfile.encoding=UTF-8 
java_command: pl.edu.pw.fizyka.pojava.LNM.Main.Game
java_class_path (initial): C:\Users\test.DESKTOP-8RCE6MF\Documents\GitHub\Light-no-more-v2\bin;C:\Program Files (x86)\H2\bin\h2-1.4.200.jar
Launcher Type: SUN_STANDARD

[Global flags]
     intx CICompilerCount                          = 4                                         {product} {ergonomic}
     uint ConcGCThreads                            = 2                                         {product} {ergonomic}
     uint G1ConcRefinementThreads                  = 8                                         {product} {ergonomic}
   size_t G1HeapRegionSize                         = 1048576                                   {product} {ergonomic}
    uintx GCDrainStackTargetSize                   = 64                                        {product} {ergonomic}
   size_t InitialHeapSize                          = 134217728                                 {product} {ergonomic}
   size_t MarkStackSize                            = 4194304                                   {product} {ergonomic}
   size_t MaxHeapSize                              = 2126512128                                {product} {ergonomic}
   size_t MaxNewSize                               = 1275068416                                {product} {ergonomic}
   size_t MinHeapDeltaBytes                        = 1048576                                   {product} {ergonomic}
   size_t MinHeapSize                              = 8388608                                   {product} {ergonomic}
    uintx NonNMethodCodeHeapSize                   = 5839372                                {pd product} {ergonomic}
    uintx NonProfiledCodeHeapSize                  = 122909434                              {pd product} {ergonomic}
    uintx ProfiledCodeHeapSize                     = 122909434                              {pd product} {ergonomic}
    uintx ReservedCodeCacheSize                    = 251658240                              {pd product} {ergonomic}
     bool SegmentedCodeCache                       = true                                      {product} {ergonomic}
   size_t SoftMaxHeapSize                          = 2126512128                             {manageable} {ergonomic}
     bool UseCompressedClassPointers               = true                                 {lp64_product} {ergonomic}
     bool UseCompressedOops                        = true                                 {lp64_product} {ergonomic}
     bool UseG1GC                                  = true                                      {product} {ergonomic}
     bool UseLargePagesIndividualAllocation        = false                                  {pd product} {ergonomic}

Logging:
Log output configuration:
 #0: stdout all=warning uptime,level,tags
 #1: stderr all=off uptime,level,tags

Environment Variables:
PATH=C:\ProgramData\Oracle\Java\javapath;C:\Windows\system32;C:\Windows;C:\Windows\System32\Wbem;C:\Windows\System32\WindowsPowerShell\v1.0\;C:\Program Files (x86)\Skype\Phone\;C:\Program Files (x86)\GtkSharp\2.12\bin;C:\WINDOWS\system32;C:\WINDOWS;C:\WINDOWS\System32\Wbem;C:\WINDOWS\System32\WindowsPowerShell\v1.0\;C:\Program Files (x86)\NVIDIA Corporation\PhysX\Common;C:\WINDOWS\system32;C:\WINDOWS;C:\WINDOWS\System32\Wbem;C:\WINDOWS\System32\WindowsPowerShell\v1.0\;C:\WINDOWS\System32\OpenSSH\;C:\Program Files\PuTTY\;C:\Program Files\dotnet\;C:\Program Files\NVIDIA Corporation\NVIDIA NvDLISR;C:\Users\test.DESKTOP-8RCE6MF\AppData\Local\Microsoft\WindowsApps;C:\Users\test.DESKTOP-8RCE6MF\AppData\Local\Programs\Microsoft VS Code\bin;C:\Program Files\Java\jdk1.8.0_141\bin;C:\Program Files\Java\jdk-13.0.2;
USERNAME=test
OS=Windows_NT
PROCESSOR_IDENTIFIER=Intel64 Family 6 Model 60 Stepping 3, GenuineIntel



---------------  S Y S T E M  ---------------

OS: Windows 10 , 64 bit Build 17763 (10.0.17763.1158)

CPU:total 8 (initial active 8) (4 cores per cpu, 2 threads per core) family 6 model 60 stepping 3, cmov, cx8, fxsr, mmx, sse, sse2, sse3, ssse3, sse4.1, sse4.2, popcnt, avx, avx2, aes, clmul, erms, lzcnt, ht, tsc, tscinvbit, bmi1, bmi2, fma

Memory: 4k page, system-wide physical 8104M (1240M free)
TotalPageFile size 10152M (AvailPageFile size 18M)
current process WorkingSet (physical memory assigned to process): 214M, peak: 214M
current process commit charge ("private bytes"): 317M, peak: 360M

vm_info: Java HotSpot(TM) 64-Bit Server VM (13.0.2+8) for windows-amd64 JRE (13.0.2+8), built on Dec 11 2019 09:20:33 by "mach5one" with unknown MS VC++:1916

END.
