#
# There is insufficient memory for the Java Runtime Environment to continue.
# Native memory allocation (malloc) failed to allocate 995456 bytes for Chunk::new
# Possible reasons:
#   The system is out of physical RAM or swap space
#   The process is running with CompressedOops enabled, and the Java Heap may be blocking the growth of the native heap
# Possible solutions:
#   Reduce memory load on the system
#   Increase physical memory or swap space
#   Check if swap backing store is full
#   Decrease Java heap size (-Xmx/-Xms)
#   Decrease number of Java threads
#   Decrease Java thread stack sizes (-Xss)
#   Set larger code cache with -XX:ReservedCodeCacheSize=
#   JVM is running with Unscaled Compressed Oops mode in which the Java heap is
#     placed in the first 4GB address space. The Java Heap base address is the
#     maximum limit for the native heap growth. Please use -XX:HeapBaseMinAddress
#     to set the Java Heap base and to place the Java Heap above 4GB virtual address.
# This output file may be truncated or incomplete.
#
#  Out of Memory Error (t:/workspace/open/src/hotspot/share/memory/arena.cpp:196), pid=11132, tid=17404
#
# JRE version: Java(TM) SE Runtime Environment (13.0.2+8) (build 13.0.2+8)
# Java VM: Java HotSpot(TM) 64-Bit Server VM (13.0.2+8, mixed mode, sharing, tiered, compressed oops, parallel gc, windows-amd64)
# No core dump will be written. Minidumps are not enabled by default on client versions of Windows
#

---------------  S U M M A R Y ------------

Command Line: --add-modules=ALL-SYSTEM --add-opens=java.base/java.util=ALL-UNNAMED --add-opens=java.base/java.lang=ALL-UNNAMED -Declipse.application=org.eclipse.jdt.ls.core.id1 -Dosgi.bundles.defaultStartLevel=4 -Declipse.product=org.eclipse.jdt.ls.core.product -Dfile.encoding=utf8 -DwatchParentProcess=false -XX:+UseParallelGC -XX:GCTimeRatio=4 -XX:AdaptiveSizePolicyWeight=90 -Dsun.zip.disableMemoryMapping=true -Xmx1G -Xms100m c:\Users\test.DESKTOP-8RCE6MF\.vscode\extensions\redhat.java-0.61.0\server\plugins\org.eclipse.equinox.launcher_1.5.700.v20200207-2156.jar -configuration c:\Users\test.DESKTOP-8RCE6MF\AppData\Roaming\Code\User\globalStorage\redhat.java\0.61.0\config_win -data c:\Users\test.DESKTOP-8RCE6MF\AppData\Roaming\Code\User\workspaceStorage\9846336c7476d8f2e0f636d48f312371\redhat.java\jdt_ws

Host: Intel(R) Core(TM) i7-4720HQ CPU @ 2.60GHz, 8 cores, 7G,  Windows 10 , 64 bit Build 17763 (10.0.17763.1158)
Time: Thu May  7 11:55:44 2020 ?rodkowoeuropejski czas letni elapsed time: 6 seconds (0d 0h 0m 6s)

---------------  T H R E A D  ---------------

Current thread (0x0000029e3407f800):  JavaThread "C2 CompilerThread2" daemon [_thread_in_native, id=17404, stack(0x000000c949a00000,0x000000c949b00000)]


Current CompileTask:
C2:   6508 3681   !   4       org.eclipse.osgi.internal.loader.BundleLoader::findClass (531 bytes)

Stack: [0x000000c949a00000,0x000000c949b00000]
Native frames: (J=compiled Java code, j=interpreted, Vv=VM code, C=native code)
V  [jvm.dll+0x624f9a]
V  [jvm.dll+0x770cfa]
V  [jvm.dll+0x7724af]
V  [jvm.dll+0x772ab3]
V  [jvm.dll+0x24bf08]
V  [jvm.dll+0xc1e47]
V  [jvm.dll+0xc23cc]
V  [jvm.dll+0x2bdbf4]
V  [jvm.dll+0x5441fd]
V  [jvm.dll+0x20e00a]
V  [jvm.dll+0x207ace]
V  [jvm.dll+0x204d1d]
V  [jvm.dll+0x189c2c]
V  [jvm.dll+0x213e6d]
V  [jvm.dll+0x2120bb]
V  [jvm.dll+0x736bb6]
V  [jvm.dll+0x72fcaa]
V  [jvm.dll+0x623ea6]
C  [ucrtbase.dll+0x21ffa]
C  [KERNEL32.DLL+0x17974]
C  [ntdll.dll+0x6a271]


---------------  P R O C E S S  ---------------

Threads class SMR info:
_java_thread_list=0x0000029e3426bb40, length=20, elements={
0x0000029e165f1800, 0x0000029e306d4800, 0x0000029e166ac800, 0x0000029e306df800,
0x0000029e306e1800, 0x0000029e306e3000, 0x0000029e306e6000, 0x0000029e3182b000,
0x0000029e3193f000, 0x0000029e319ce800, 0x0000029e3285c800, 0x0000029e3292c800,
0x0000029e3292e000, 0x0000029e33681000, 0x0000029e33747800, 0x0000029e3379e800,
0x0000029e3379f800, 0x0000029e33a79800, 0x0000029e33d00800, 0x0000029e3407f800
}

Java Threads: ( => current thread )
  0x0000029e165f1800 JavaThread "main" [_thread_in_Java, id=9240, stack(0x000000c947d00000,0x000000c947e00000)]
  0x0000029e306d4800 JavaThread "Reference Handler" daemon [_thread_blocked, id=9552, stack(0x000000c948000000,0x000000c948100000)]
  0x0000029e166ac800 JavaThread "Finalizer" daemon [_thread_blocked, id=12584, stack(0x000000c948100000,0x000000c948200000)]
  0x0000029e306df800 JavaThread "Signal Dispatcher" daemon [_thread_blocked, id=10996, stack(0x000000c948200000,0x000000c948300000)]
  0x0000029e306e1800 JavaThread "Attach Listener" daemon [_thread_blocked, id=4476, stack(0x000000c948300000,0x000000c948400000)]
  0x0000029e306e3000 JavaThread "C2 CompilerThread0" daemon [_thread_in_native, id=1452, stack(0x000000c948400000,0x000000c948500000)]
  0x0000029e306e6000 JavaThread "C1 CompilerThread0" daemon [_thread_blocked, id=13176, stack(0x000000c948500000,0x000000c948600000)]
  0x0000029e3182b000 JavaThread "Sweeper thread" daemon [_thread_blocked, id=5472, stack(0x000000c948600000,0x000000c948700000)]
  0x0000029e3193f000 JavaThread "Common-Cleaner" daemon [_thread_blocked, id=14908, stack(0x000000c948700000,0x000000c948800000)]
  0x0000029e319ce800 JavaThread "Service Thread" daemon [_thread_blocked, id=7876, stack(0x000000c948800000,0x000000c948900000)]
  0x0000029e3285c800 JavaThread "Active Thread: Equinox Container: 880a3f63-659e-4beb-ad88-d3c484abbe0f" [_thread_blocked, id=16128, stack(0x000000c948b00000,0x000000c948c00000)]
  0x0000029e3292c800 JavaThread "Framework Event Dispatcher: Equinox Container: 880a3f63-659e-4beb-ad88-d3c484abbe0f" daemon [_thread_blocked, id=1020, stack(0x000000c948a00000,0x000000c948b00000)]
  0x0000029e3292e000 JavaThread "Start Level: Equinox Container: 880a3f63-659e-4beb-ad88-d3c484abbe0f" daemon [_thread_blocked, id=11216, stack(0x000000c948c00000,0x000000c948d00000)]
  0x0000029e33681000 JavaThread "Bundle File Closer" daemon [_thread_blocked, id=4748, stack(0x000000c949100000,0x000000c949200000)]
  0x0000029e33747800 JavaThread "Worker-JM" [_thread_blocked, id=16548, stack(0x000000c949000000,0x000000c949100000)]
  0x0000029e3379e800 JavaThread "Worker-0" [_thread_blocked, id=1820, stack(0x000000c949200000,0x000000c949300000)]
  0x0000029e3379f800 JavaThread "Worker-1" [_thread_blocked, id=5260, stack(0x000000c949300000,0x000000c949400000)]
  0x0000029e33a79800 JavaThread "Java indexing" daemon [_thread_blocked, id=7016, stack(0x000000c949800000,0x000000c949900000)]
  0x0000029e33d00800 JavaThread "C2 CompilerThread1" daemon [_thread_in_native, id=9688, stack(0x000000c949900000,0x000000c949a00000)]
=>0x0000029e3407f800 JavaThread "C2 CompilerThread2" daemon [_thread_in_native, id=17404, stack(0x000000c949a00000,0x000000c949b00000)]

Other Threads:
  0x0000029e31821000 VMThread "VM Thread" [stack: 0x000000c947f00000,0x000000c948000000] [id=3816]
  0x0000029e31a78000 WatcherThread [stack: 0x000000c948900000,0x000000c948a00000] [id=12044]
  0x0000029e1660a000 GCTaskThread "ParGC Thread#0" [stack: 0x000000c947e00000,0x000000c947f00000] [id=7372]
  0x0000029e32dce800 GCTaskThread "ParGC Thread#1" [stack: 0x000000c948d00000,0x000000c948e00000] [id=5384]
  0x0000029e32dcf800 GCTaskThread "ParGC Thread#2" [stack: 0x000000c948e00000,0x000000c948f00000] [id=11748]
  0x0000029e32dd0000 GCTaskThread "ParGC Thread#3" [stack: 0x000000c948f00000,0x000000c949000000] [id=6356]
  0x0000029e31b37800 GCTaskThread "ParGC Thread#4" [stack: 0x000000c949400000,0x000000c949500000] [id=15632]
  0x0000029e339a1800 GCTaskThread "ParGC Thread#5" [stack: 0x000000c949500000,0x000000c949600000] [id=6788]
  0x0000029e339a2000 GCTaskThread "ParGC Thread#6" [stack: 0x000000c949600000,0x000000c949700000] [id=12292]
  0x0000029e339a2800 GCTaskThread "ParGC Thread#7" [stack: 0x000000c949700000,0x000000c949800000] [id=9372]

Threads with active compile tasks:
C2 CompilerThread0     6540 3687       4       java.util.TimSort::sort (229 bytes)
C2 CompilerThread1     6540 3287   !   4       com.google.inject.spi.InjectionPoint::getInjectionPoints (489 bytes)
C2 CompilerThread2     6540 3681   !   4       org.eclipse.osgi.internal.loader.BundleLoader::findClass (531 bytes)

VM state:not at safepoint (normal execution)

VM Mutex/Monitor currently owned by a thread: None

Heap address: 0x00000000c0000000, size: 1024 MB, Compressed Oops mode: 32-bit
Narrow klass base: 0x0000000800000000, Narrow klass shift: 3
Compressed class space size: 1073741824 Address: 0x0000000800b40000

Heap:
 PSYoungGen      total 27648K, used 13072K [0x00000000eab00000, 0x00000000ece00000, 0x0000000100000000)
  eden space 23552K, 38% used [0x00000000eab00000,0x00000000eb3c9180,0x00000000ec200000)
  from space 4096K, 99% used [0x00000000ec780000,0x00000000ecb7b068,0x00000000ecb80000)
  to   space 5632K, 0% used [0x00000000ec200000,0x00000000ec200000,0x00000000ec780000)
 ParOldGen       total 68608K, used 11573K [0x00000000c0000000, 0x00000000c4300000, 0x00000000eab00000)
  object space 68608K, 16% used [0x00000000c0000000,0x00000000c0b4d5a0,0x00000000c4300000)
 Metaspace       used 32394K, capacity 34123K, committed 34304K, reserved 1079296K
  class space    used 3385K, capacity 4034K, committed 4096K, reserved 1048576K

Card table byte_map: [0x0000029e16100000,0x0000029e16310000] _byte_map_base: 0x0000029e15b00000

Marking Bits: (ParMarkBitMap*) 0x00007ffda3554110
 Begin Bits: [0x0000029e2daf0000, 0x0000029e2eaf0000)
 End Bits:   [0x0000029e2eaf0000, 0x0000029e2faf0000)

Polling page: 0x0000029e14560000

Metaspace:

Usage:
  Non-class:     29.38 MB capacity,    28.33 MB ( 96%) used,     1.00 MB (  3%) free+waste,    53.56 KB ( <1%) overhead. 
      Class:      3.94 MB capacity,     3.31 MB ( 84%) used,   621.34 KB ( 15%) free+waste,    26.56 KB ( <1%) overhead. 
       Both:     33.32 MB capacity,    31.64 MB ( 95%) used,     1.61 MB (  5%) free+waste,    80.13 KB ( <1%) overhead. 

Virtual space:
  Non-class space:       30.00 MB reserved,      29.50 MB ( 98%) committed 
      Class space:        1.00 GB reserved,       4.00 MB ( <1%) committed 
             Both:        1.03 GB reserved,      33.50 MB (  3%) committed 

Chunk freelists:
   Non-Class:  55.00 KB
       Class:  0 bytes
        Both:  55.00 KB

MaxMetaspaceSize: 17179869184.00 GB
CompressedClassSpaceSize: 1.00 GB

CodeHeap 'non-profiled nmethods': size=120000Kb used=1323Kb max_used=1503Kb free=118676Kb
 bounds [0x0000029e265c0000, 0x0000029e26830000, 0x0000029e2daf0000]
CodeHeap 'profiled nmethods': size=120000Kb used=6965Kb max_used=7967Kb free=113034Kb
 bounds [0x0000029e1f090000, 0x0000029e1f860000, 0x0000029e265c0000]
CodeHeap 'non-nmethods': size=5760Kb used=1261Kb max_used=1298Kb free=4498Kb
 bounds [0x0000029e1eaf0000, 0x0000029e1ed60000, 0x0000029e1f090000]
 total_blobs=5460 nmethods=3163 adapters=448
 compilation: enabled
              stopped_count=0, restarted_count=0
 full_count=0

Compilation events (20 events):
Event: 6.410 Thread 0x0000029e306e6000 3692       3       java.lang.ThreadLocal$ThreadLocalMap::getEntryAfterMiss (63 bytes)
Event: 6.411 Thread 0x0000029e306e6000 nmethod 3692 0x0000029e1f20b290 code [0x0000029e1f20b480, 0x0000029e1f20ba50]
Event: 6.427 Thread 0x0000029e306e6000 3693       3       java.util.RegularEnumSet::remove (74 bytes)
Event: 6.427 Thread 0x0000029e306e6000 nmethod 3693 0x0000029e1f0a4390 code [0x0000029e1f0a4560, 0x0000029e1f0a49f0]
Event: 6.427 Thread 0x0000029e306e6000 3694       3       java.util.concurrent.locks.ReentrantLock::tryLock (14 bytes)
Event: 6.428 Thread 0x0000029e306e6000 nmethod 3694 0x0000029e1f0c2a10 code [0x0000029e1f0c2bc0, 0x0000029e1f0c2dc0]
Event: 6.428 Thread 0x0000029e306e6000 3695       3       java.util.concurrent.locks.AbstractQueuedSynchronizer::tryAcquireNanos (37 bytes)
Event: 6.428 Thread 0x0000029e306e6000 nmethod 3695 0x0000029e1f270310 code [0x0000029e1f270500, 0x0000029e1f270a00]
Event: 6.428 Thread 0x0000029e306e6000 3696   !   3       java.lang.Class::getEnumConstantsShared (71 bytes)
Event: 6.430 Thread 0x0000029e306e6000 nmethod 3696 0x0000029e1f194a90 code [0x0000029e1f194dc0, 0x0000029e1f1961b0]
Event: 6.430 Thread 0x0000029e306e6000 3700       3       org.eclipse.osgi.container.Module::checkValid (25 bytes)
Event: 6.430 Thread 0x0000029e306e6000 nmethod 3700 0x0000029e1f150910 code [0x0000029e1f150ae0, 0x0000029e1f150e70]
Event: 6.430 Thread 0x0000029e306e6000 3699       3       org.eclipse.osgi.framework.eventmgr.CopyOnWriteIdentityMap$Snapshot$EntrySet::size (9 bytes)
Event: 6.430 Thread 0x0000029e306e6000 nmethod 3699 0x0000029e1f095510 code [0x0000029e1f0956c0, 0x0000029e1f095878]
Event: 6.430 Thread 0x0000029e306e6000 3697       3       org.eclipse.osgi.framework.eventmgr.CopyOnWriteIdentityMap::isEmpty (11 bytes)
Event: 6.431 Thread 0x0000029e306e6000 nmethod 3697 0x0000029e1f11ee10 code [0x0000029e1f11efc0, 0x0000029e1f11f218]
Event: 6.431 Thread 0x0000029e306e6000 3698       3       org.eclipse.osgi.framework.eventmgr.CopyOnWriteIdentityMap::size (6 bytes)
Event: 6.431 Thread 0x0000029e306e6000 nmethod 3698 0x0000029e1f0a5b10 code [0x0000029e1f0a5cc0, 0x0000029e1f0a5e58]
Event: 6.444 Thread 0x0000029e306e6000 3701   !   3       java.net.URL::<init> (543 bytes)
Event: 6.454 Thread 0x0000029e306e6000 nmethod 3701 0x0000029e1f5f1e10 code [0x0000029e1f5f24a0, 0x0000029e1f5f6090]

GC Heap History (14 events):
Event: 2.418 GC heap before
{Heap before GC invocations=1 (full 0):
 PSYoungGen      total 29696K, used 25600K [0x00000000eab00000, 0x00000000ecc00000, 0x0000000100000000)
  eden space 25600K, 100% used [0x00000000eab00000,0x00000000ec400000,0x00000000ec400000)
  from space 4096K, 0% used [0x00000000ec800000,0x00000000ec800000,0x00000000ecc00000)
  to   space 4096K, 0% used [0x00000000ec400000,0x00000000ec400000,0x00000000ec800000)
 ParOldGen       total 68608K, used 0K [0x00000000c0000000, 0x00000000c4300000, 0x00000000eab00000)
  object space 68608K, 0% used [0x00000000c0000000,0x00000000c0000000,0x00000000c4300000)
 Metaspace       used 7070K, capacity 7646K, committed 7936K, reserved 1056768K
  class space    used 683K, capacity 732K, committed 768K, reserved 1048576K
}
Event: 2.448 GC heap after
{Heap after GC invocations=1 (full 0):
 PSYoungGen      total 29696K, used 4086K [0x00000000eab00000, 0x00000000ecc00000, 0x0000000100000000)
  eden space 25600K, 0% used [0x00000000eab00000,0x00000000eab00000,0x00000000ec400000)
  from space 4096K, 99% used [0x00000000ec400000,0x00000000ec7fdbb8,0x00000000ec800000)
  to   space 4096K, 0% used [0x00000000ec800000,0x00000000ec800000,0x00000000ecc00000)
 ParOldGen       total 68608K, used 270K [0x00000000c0000000, 0x00000000c4300000, 0x00000000eab00000)
  object space 68608K, 0% used [0x00000000c0000000,0x00000000c0043810,0x00000000c4300000)
 Metaspace       used 7070K, capacity 7646K, committed 7936K, reserved 1056768K
  class space    used 683K, capacity 732K, committed 768K, reserved 1048576K
}
Event: 3.728 GC heap before
{Heap before GC invocations=2 (full 0):
 PSYoungGen      total 29696K, used 29686K [0x00000000eab00000, 0x00000000ecc00000, 0x0000000100000000)
  eden space 25600K, 100% used [0x00000000eab00000,0x00000000ec400000,0x00000000ec400000)
  from space 4096K, 99% used [0x00000000ec400000,0x00000000ec7fdbb8,0x00000000ec800000)
  to   space 4096K, 0% used [0x00000000ec800000,0x00000000ec800000,0x00000000ecc00000)
 ParOldGen       total 68608K, used 270K [0x00000000c0000000, 0x00000000c4300000, 0x00000000eab00000)
  object space 68608K, 0% used [0x00000000c0000000,0x00000000c0043810,0x00000000c4300000)
 Metaspace       used 14624K, capacity 15612K, committed 15872K, reserved 1062912K
  class space    used 1375K, capacity 1671K, committed 1792K, reserved 1048576K
}
Event: 3.736 GC heap after
{Heap after GC invocations=2 (full 0):
 PSYoungGen      total 29696K, used 4079K [0x00000000eab00000, 0x00000000ecc00000, 0x0000000100000000)
  eden space 25600K, 0% used [0x00000000eab00000,0x00000000eab00000,0x00000000ec400000)
  from space 4096K, 99% used [0x00000000ec800000,0x00000000ecbfbd88,0x00000000ecc00000)
  to   space 4096K, 0% used [0x00000000ec400000,0x00000000ec400000,0x00000000ec800000)
 ParOldGen       total 68608K, used 4971K [0x00000000c0000000, 0x00000000c4300000, 0x00000000eab00000)
  object space 68608K, 7% used [0x00000000c0000000,0x00000000c04daf78,0x00000000c4300000)
 Metaspace       used 14624K, capacity 15612K, committed 15872K, reserved 1062912K
  class space    used 1375K, capacity 1671K, committed 1792K, reserved 1048576K
}
Event: 4.086 GC heap before
{Heap before GC invocations=3 (full 0):
 PSYoungGen      total 29696K, used 26959K [0x00000000eab00000, 0x00000000ecc00000, 0x0000000100000000)
  eden space 25600K, 89% used [0x00000000eab00000,0x00000000ec158110,0x00000000ec400000)
  from space 4096K, 99% used [0x00000000ec800000,0x00000000ecbfbd88,0x00000000ecc00000)
  to   space 4096K, 0% used [0x00000000ec400000,0x00000000ec400000,0x00000000ec800000)
 ParOldGen       total 68608K, used 4971K [0x00000000c0000000, 0x00000000c4300000, 0x00000000eab00000)
  object space 68608K, 7% used [0x00000000c0000000,0x00000000c04daf78,0x00000000c4300000)
 Metaspace       used 20005K, capacity 21106K, committed 21248K, reserved 1069056K
  class space    used 1834K, capacity 2207K, committed 2304K, reserved 1048576K
}
Event: 4.090 GC heap after
{Heap after GC invocations=3 (full 0):
 PSYoungGen      total 29696K, used 4092K [0x00000000eab00000, 0x00000000ecc00000, 0x0000000100000000)
  eden space 25600K, 0% used [0x00000000eab00000,0x00000000eab00000,0x00000000ec400000)
  from space 4096K, 99% used [0x00000000ec400000,0x00000000ec7ff3a8,0x00000000ec800000)
  to   space 4096K, 0% used [0x00000000ec800000,0x00000000ec800000,0x00000000ecc00000)
 ParOldGen       total 68608K, used 6867K [0x00000000c0000000, 0x00000000c4300000, 0x00000000eab00000)
  object space 68608K, 10% used [0x00000000c0000000,0x00000000c06b4e68,0x00000000c4300000)
 Metaspace       used 20005K, capacity 21106K, committed 21248K, reserved 1069056K
  class space    used 1834K, capacity 2207K, committed 2304K, reserved 1048576K
}
Event: 4.090 GC heap before
{Heap before GC invocations=4 (full 1):
 PSYoungGen      total 29696K, used 4092K [0x00000000eab00000, 0x00000000ecc00000, 0x0000000100000000)
  eden space 25600K, 0% used [0x00000000eab00000,0x00000000eab00000,0x00000000ec400000)
  from space 4096K, 99% used [0x00000000ec400000,0x00000000ec7ff3a8,0x00000000ec800000)
  to   space 4096K, 0% used [0x00000000ec800000,0x00000000ec800000,0x00000000ecc00000)
 ParOldGen       total 68608K, used 6867K [0x00000000c0000000, 0x00000000c4300000, 0x00000000eab00000)
  object space 68608K, 10% used [0x00000000c0000000,0x00000000c06b4e68,0x00000000c4300000)
 Metaspace       used 20005K, capacity 21106K, committed 21248K, reserved 1069056K
  class space    used 1834K, capacity 2207K, committed 2304K, reserved 1048576K
}
Event: 4.137 GC heap after
{Heap after GC invocations=4 (full 1):
 PSYoungGen      total 29696K, used 0K [0x00000000eab00000, 0x00000000ecc00000, 0x0000000100000000)
  eden space 25600K, 0% used [0x00000000eab00000,0x00000000eab00000,0x00000000ec400000)
  from space 4096K, 0% used [0x00000000ec400000,0x00000000ec400000,0x00000000ec800000)
  to   space 4096K, 0% used [0x00000000ec800000,0x00000000ec800000,0x00000000ecc00000)
 ParOldGen       total 68608K, used 10701K [0x00000000c0000000, 0x00000000c4300000, 0x00000000eab00000)
  object space 68608K, 15% used [0x00000000c0000000,0x00000000c0a73570,0x00000000c4300000)
 Metaspace       used 20005K, capacity 21106K, committed 21248K, reserved 1069056K
  class space    used 1834K, capacity 2207K, committed 2304K, reserved 1048576K
}
Event: 4.886 GC heap before
{Heap before GC invocations=5 (full 1):
 PSYoungGen      total 29696K, used 25600K [0x00000000eab00000, 0x00000000ecc00000, 0x0000000100000000)
  eden space 25600K, 100% used [0x00000000eab00000,0x00000000ec400000,0x00000000ec400000)
  from space 4096K, 0% used [0x00000000ec400000,0x00000000ec400000,0x00000000ec800000)
  to   space 4096K, 0% used [0x00000000ec800000,0x00000000ec800000,0x00000000ecc00000)
 ParOldGen       total 68608K, used 10701K [0x00000000c0000000, 0x00000000c4300000, 0x00000000eab00000)
  object space 68608K, 15% used [0x00000000c0000000,0x00000000c0a73570,0x00000000c4300000)
 Metaspace       used 24080K, capacity 25392K, committed 25728K, reserved 1073152K
  class space    used 2394K, capacity 2830K, committed 2944K, reserved 1048576K
}
Event: 4.887 GC heap after
{Heap after GC invocations=5 (full 1):
 PSYoungGen      total 29696K, used 1735K [0x00000000eab00000, 0x00000000ecc00000, 0x0000000100000000)
  eden space 25600K, 0% used [0x00000000eab00000,0x00000000eab00000,0x00000000ec400000)
  from space 4096K, 42% used [0x00000000ec800000,0x00000000ec9b1d08,0x00000000ecc00000)
  to   space 4096K, 0% used [0x00000000ec400000,0x00000000ec400000,0x00000000ec800000)
 ParOldGen       total 68608K, used 10709K [0x00000000c0000000, 0x00000000c4300000, 0x00000000eab00000)
  object space 68608K, 15% used [0x00000000c0000000,0x00000000c0a75570,0x00000000c4300000)
 Metaspace       used 24080K, capacity 25392K, committed 25728K, reserved 1073152K
  class space    used 2394K, capacity 2830K, committed 2944K, reserved 1048576K
}
Event: 5.584 GC heap before
{Heap before GC invocations=6 (full 1):
 PSYoungGen      total 29696K, used 27335K [0x00000000eab00000, 0x00000000ecc00000, 0x0000000100000000)
  eden space 25600K, 100% used [0x00000000eab00000,0x00000000ec400000,0x00000000ec400000)
  from space 4096K, 42% used [0x00000000ec800000,0x00000000ec9b1d08,0x00000000ecc00000)
  to   space 4096K, 0% used [0x00000000ec400000,0x00000000ec400000,0x00000000ec800000)
 ParOldGen       total 68608K, used 10709K [0x00000000c0000000, 0x00000000c4300000, 0x00000000eab00000)
  object space 68608K, 15% used [0x00000000c0000000,0x00000000c0a75570,0x00000000c4300000)
 Metaspace       used 27793K, capacity 29388K, committed 29568K, reserved 1075200K
  class space    used 2894K, capacity 3435K, committed 3456K, reserved 1048576K
}
Event: 5.589 GC heap after
{Heap after GC invocations=6 (full 1):
 PSYoungGen      total 28672K, used 3436K [0x00000000eab00000, 0x00000000ecb80000, 0x0000000100000000)
  eden space 25088K, 0% used [0x00000000eab00000,0x00000000eab00000,0x00000000ec380000)
  from space 3584K, 95% used [0x00000000ec400000,0x00000000ec75b058,0x00000000ec780000)
  to   space 4096K, 0% used [0x00000000ec780000,0x00000000ec780000,0x00000000ecb80000)
 ParOldGen       total 68608K, used 10717K [0x00000000c0000000, 0x00000000c4300000, 0x00000000eab00000)
  object space 68608K, 15% used [0x00000000c0000000,0x00000000c0a77570,0x00000000c4300000)
 Metaspace       used 27793K, capacity 29388K, committed 29568K, reserved 1075200K
  class space    used 2894K, capacity 3435K, committed 3456K, reserved 1048576K
}
Event: 6.248 GC heap before
{Heap before GC invocations=7 (full 1):
 PSYoungGen      total 28672K, used 28524K [0x00000000eab00000, 0x00000000ecb80000, 0x0000000100000000)
  eden space 25088K, 100% used [0x00000000eab00000,0x00000000ec380000,0x00000000ec380000)
  from space 3584K, 95% used [0x00000000ec400000,0x00000000ec75b058,0x00000000ec780000)
  to   space 4096K, 0% used [0x00000000ec780000,0x00000000ec780000,0x00000000ecb80000)
 ParOldGen       total 68608K, used 10717K [0x00000000c0000000, 0x00000000c4300000, 0x00000000eab00000)
  object space 68608K, 15% used [0x00000000c0000000,0x00000000c0a77570,0x00000000c4300000)
 Metaspace       used 30037K, capacity 31513K, committed 31616K, reserved 1077248K
  class space    used 3123K, capacity 3687K, committed 3712K, reserved 1048576K
}
Event: 6.256 GC heap after
{Heap after GC invocations=7 (full 1):
 PSYoungGen      total 27648K, used 4076K [0x00000000eab00000, 0x00000000ece00000, 0x0000000100000000)
  eden space 23552K, 0% used [0x00000000eab00000,0x00000000eab00000,0x00000000ec200000)
  from space 4096K, 99% used [0x00000000ec780000,0x00000000ecb7b068,0x00000000ecb80000)
  to   space 5632K, 0% used [0x00000000ec200000,0x00000000ec200000,0x00000000ec780000)
 ParOldGen       total 68608K, used 11573K [0x00000000c0000000, 0x00000000c4300000, 0x00000000eab00000)
  object space 68608K, 16% used [0x00000000c0000000,0x00000000c0b4d5a0,0x00000000c4300000)
 Metaspace       used 30037K, capacity 31513K, committed 31616K, reserved 1077248K
  class space    used 3123K, capacity 3687K, committed 3712K, reserved 1048576K
}

Deoptimization events (20 events):
Event: 6.394 Thread 0x0000029e3292e000 DEOPT PACKING pc=0x0000029e1f47af84 sp=0x000000c948cfd710
Event: 6.394 Thread 0x0000029e3292e000 DEOPT UNPACKING pc=0x0000029e1eb3964e sp=0x000000c948cfcce0 mode 0
Event: 6.443 Thread 0x0000029e3292c800 Uncommon trap: trap_request=0xffffff45 fr.pc=0x0000029e26729ea0 relative=0x0000000000000080
Event: 6.444 Thread 0x0000029e3292c800 Uncommon trap: reason=unstable_if action=reinterpret pc=0x0000029e26729ea0 method=java.util.concurrent.locks.AbstractQueuedSynchronizer.doReleaseShared()V @ 6 c2
Event: 6.444 Thread 0x0000029e3292c800 DEOPT PACKING pc=0x0000029e26729ea0 sp=0x000000c948afecf0
Event: 6.444 Thread 0x0000029e3292c800 DEOPT UNPACKING pc=0x0000029e1eb3912f sp=0x000000c948afec78 mode 2
Event: 6.444 Thread 0x0000029e165f1800 Uncommon trap: trap_request=0xffffffcc fr.pc=0x0000029e267377f4 relative=0x00000000000001b4
Event: 6.444 Thread 0x0000029e165f1800 Uncommon trap: reason=intrinsic_or_type_checked_inlining action=make_not_entrant pc=0x0000029e267377f4 method=java.util.Arrays.copyOf([Ljava/lang/Object;ILjava/lang/Class;)[Ljava/lang/Object; @ 35 c2
Event: 6.444 Thread 0x0000029e165f1800 DEOPT PACKING pc=0x0000029e267377f4 sp=0x000000c947dfe320
Event: 6.444 Thread 0x0000029e165f1800 DEOPT UNPACKING pc=0x0000029e1eb3912f sp=0x000000c947dfe2b0 mode 2
Event: 6.449 Thread 0x0000029e165f1800 Uncommon trap: trap_request=0xffffff76 fr.pc=0x0000029e2667c18c relative=0x000000000000062c
Event: 6.449 Thread 0x0000029e165f1800 Uncommon trap: reason=predicate action=maybe_recompile pc=0x0000029e2667c18c method=java.util.TreeMap.getEntryUsingComparator(Ljava/lang/Object;)Ljava/util/TreeMap$Entry; @ 19 c2
Event: 6.449 Thread 0x0000029e165f1800 DEOPT PACKING pc=0x0000029e2667c18c sp=0x000000c947dfe3f0
Event: 6.449 Thread 0x0000029e165f1800 DEOPT UNPACKING pc=0x0000029e1eb3912f sp=0x000000c947dfe310 mode 2
Event: 6.468 Thread 0x0000029e165f1800 DEOPT PACKING pc=0x0000029e1f587226 sp=0x000000c947df6af0
Event: 6.468 Thread 0x0000029e165f1800 DEOPT UNPACKING pc=0x0000029e1eb3964e sp=0x000000c947df5fe0 mode 0
Event: 6.493 Thread 0x0000029e165f1800 Uncommon trap: trap_request=0xffffff45 fr.pc=0x0000029e26627008 relative=0x0000000000001188
Event: 6.493 Thread 0x0000029e165f1800 Uncommon trap: reason=unstable_if action=reinterpret pc=0x0000029e26627008 method=java.util.Properties.loadConvert([CIILjava/lang/StringBuilder;)Ljava/lang/String; @ 481 c2
Event: 6.493 Thread 0x0000029e165f1800 DEOPT PACKING pc=0x0000029e26627008 sp=0x000000c947df8650
Event: 6.493 Thread 0x0000029e165f1800 DEOPT UNPACKING pc=0x0000029e1eb3912f sp=0x000000c947df8640 mode 2

Classes unloaded (0 events):
No events

Classes redefined (0 events):
No events

Internal exceptions (20 events):
Event: 1.915 Thread 0x0000029e165f1800 Exception <a 'java/lang/NoSuchMethodError'{0x00000000ebd72760}: 'int java.lang.invoke.DirectMethodHandle$Holder.invokeStaticInit(java.lang.Object, java.lang.Object, java.lang.Object, java.lang.Object)'> (0x00000000ebd72760) 
thrown [t:/workspace/open/src/hotspot/share/interpreter/linkResolver.cpp, line 767]
Event: 1.918 Thread 0x0000029e165f1800 Exception <a 'java/lang/IncompatibleClassChangeError'{0x00000000ebd7bce0}: Found class java.lang.Object, but interface was expected> (0x00000000ebd7bce0) 
thrown [t:/workspace/open/src/hotspot/share/interpreter/linkResolver.cpp, line 833]
Event: 1.919 Thread 0x0000029e165f1800 Exception <a 'java/lang/NoSuchMethodError'{0x00000000ebd7edb8}: 'void java.lang.invoke.DirectMethodHandle$Holder.invokeStaticInit(java.lang.Object, java.lang.Object)'> (0x00000000ebd7edb8) 
thrown [t:/workspace/open/src/hotspot/share/interpreter/linkResolver.cpp, line 767]
Event: 1.921 Thread 0x0000029e165f1800 Exception <a 'java/lang/NoSuchMethodError'{0x00000000ebd83c58}: 'int java.lang.invoke.DirectMethodHandle$Holder.invokeStaticInit(java.lang.Object, java.lang.Object)'> (0x00000000ebd83c58) 
thrown [t:/workspace/open/src/hotspot/share/interpreter/linkResolver.cpp, line 767]
Event: 2.332 Thread 0x0000029e3292c800 Implicit null exception at 0x0000029e265f1298 to 0x0000029e265f134a
Event: 2.346 Thread 0x0000029e165f1800 Exception <a 'java/lang/UnsatisfiedLinkError'{0x00000000ec2c6308}: 'void org.eclipse.equinox.launcher.JNIBridge._update_splash()'> (0x00000000ec2c6308) 
thrown [t:/workspace/open/src/hotspot/share/prims/nativeLookup.cpp, line 387]
Event: 3.270 Thread 0x0000029e3292e000 Exception <a 'java/io/FileNotFoundException'{0x00000000eb868608}> (0x00000000eb868608) 
thrown [t:/workspace/open/src/hotspot/share/prims/jni.cpp, line 598]
Event: 3.460 Thread 0x0000029e3292e000 Exception <a 'java/io/FileNotFoundException'{0x00000000ebd04c68}> (0x00000000ebd04c68) 
thrown [t:/workspace/open/src/hotspot/share/prims/jni.cpp, line 598]
Event: 3.601 Thread 0x0000029e3292e000 Exception <a 'java/lang/NoSuchMethodError'{0x00000000ebff3008}: 'int java.lang.invoke.DirectMethodHandle$Holder.invokeStaticInit(java.lang.Object, java.lang.Object, java.lang.Object)'> (0x00000000ebff3008) 
thrown [t:/workspace/open/src/hotspot/share/interpreter/linkResolver.cpp, line 767]
Event: 3.950 Thread 0x0000029e3292e000 Exception <a 'java/lang/ClassNotFoundException'{0x00000000ebad24c0}: com/sun/org/apache/xerces/internal/impl/msg/spi/DOMMessagesProvider> (0x00000000ebad24c0) 
thrown [t:/workspace/open/src/hotspot/share/classfile/systemDictionary.cpp, line 232]
Event: 3.953 Thread 0x0000029e3292e000 Exception <a 'java/lang/ClassNotFoundException'{0x00000000ebae6d30}: com/sun/org/apache/xerces/internal/impl/msg/spi/XMLSerializerMessagesProvider> (0x00000000ebae6d30) 
thrown [t:/workspace/open/src/hotspot/share/classfile/systemDictionary.cpp, line 232]
Event: 3.954 Thread 0x0000029e3292e000 Exception <a 'java/lang/ClassNotFoundException'{0x00000000ebaf2240}: com/sun/org/apache/xerces/internal/impl/msg/spi/XMLMessagesProvider> (0x00000000ebaf2240) 
thrown [t:/workspace/open/src/hotspot/share/classfile/systemDictionary.cpp, line 232]
Event: 3.987 Thread 0x0000029e3292e000 Exception <a 'java/io/FileNotFoundException'{0x00000000ebbe9980}> (0x00000000ebbe9980) 
thrown [t:/workspace/open/src/hotspot/share/prims/jni.cpp, line 598]
Event: 4.012 Thread 0x0000029e3292e000 Exception <a 'java/lang/ClassNotFoundException'{0x00000000ebc72560}: com/sun/org/apache/xml/internal/serializer/spi/XMLEntitiesProvider> (0x00000000ebc72560) 
thrown [t:/workspace/open/src/hotspot/share/classfile/systemDictionary.cpp, line 232]
Event: 4.148 Thread 0x0000029e3292e000 Exception <a 'java/io/FileNotFoundException'{0x00000000eab916d8}> (0x00000000eab916d8) 
thrown [t:/workspace/open/src/hotspot/share/prims/jni.cpp, line 598]
Event: 4.392 Thread 0x0000029e3292e000 Exception <a 'java/lang/NoClassDefFoundError'{0x00000000eadd7e78}: org/slf4j/impl/StaticLoggerBinder> (0x00000000eadd7e78) 
thrown [t:/workspace/open/src/hotspot/share/classfile/systemDictionary.cpp, line 221]
Event: 4.642 Thread 0x0000029e3292e000 Implicit null exception at 0x0000029e26653067 to 0x0000029e266532da
Event: 4.685 Thread 0x0000029e3292e000 Implicit null exception at 0x0000029e2663fde7 to 0x0000029e2664003e
Event: 6.027 Thread 0x0000029e3292e000 Exception <a 'java/lang/NoClassDefFoundError'{0x00000000ec009338}: com/google/inject/servlet/ServletModuleTargetVisitor> (0x00000000ec009338) 
thrown [t:/workspace/open/src/hotspot/share/classfile/systemDictionary.cpp, line 221]
Event: 6.027 Thread 0x0000029e3292e000 Exception <a 'java/lang/NoClassDefFoundError'{0x00000000ec00dd60}: javax/annotation/Priority> (0x00000000ec00dd60) 
thrown [t:/workspace/open/src/hotspot/share/classfile/systemDictionary.cpp, line 221]

Events (20 events):
Event: 6.488 Executing VM operation: RevokeBias done
Event: 6.489 Executing VM operation: RevokeBias
Event: 6.489 Executing VM operation: RevokeBias done
Event: 6.492 Executing VM operation: RevokeBias
Event: 6.492 Executing VM operation: RevokeBias done
Event: 6.492 Executing VM operation: RevokeBias
Event: 6.492 Executing VM operation: RevokeBias done
Event: 6.492 Executing VM operation: RevokeBias
Event: 6.492 Executing VM operation: RevokeBias done
Event: 6.493 Executing VM operation: RevokeBias
Event: 6.493 Executing VM operation: RevokeBias done
Event: 6.496 Executing VM operation: RevokeBias
Event: 6.497 Executing VM operation: RevokeBias done
Event: 6.500 Executing VM operation: RevokeBias
Event: 6.501 Executing VM operation: RevokeBias done
Event: 6.505 Executing VM operation: RevokeBias
Event: 6.505 Executing VM operation: RevokeBias done
Event: 6.506 Executing VM operation: RevokeBias
Event: 6.506 Executing VM operation: RevokeBias done
Event: 6.506 Executing VM operation: RevokeBias


Dynamic libraries:
0x00007ff70f6b0000 - 0x00007ff70f6bf000 	C:\Program Files\Java\jdk-13.0.2\bin\java.exe
0x00007ffdf6be0000 - 0x00007ffdf6dcd000 	C:\WINDOWS\SYSTEM32\ntdll.dll
0x00007ffdf6ad0000 - 0x00007ffdf6b83000 	C:\WINDOWS\System32\KERNEL32.DLL
0x00007ffdf3660000 - 0x00007ffdf38f5000 	C:\WINDOWS\System32\KERNELBASE.dll
0x00007ffdf34f0000 - 0x00007ffdf35ea000 	C:\WINDOWS\System32\ucrtbase.dll
0x00007ffdd85e0000 - 0x00007ffdd85f8000 	C:\Program Files\Java\jdk-13.0.2\bin\jli.dll
0x00007ffddb6c0000 - 0x00007ffddb6d5000 	C:\Program Files\Java\jdk-13.0.2\bin\VCRUNTIME140.dll
0x00007ffdf42e0000 - 0x00007ffdf4383000 	C:\WINDOWS\System32\ADVAPI32.dll
0x00007ffdf6110000 - 0x00007ffdf61ae000 	C:\WINDOWS\System32\msvcrt.dll
0x00007ffdf4190000 - 0x00007ffdf422e000 	C:\WINDOWS\System32\sechost.dll
0x00007ffdf6230000 - 0x00007ffdf6352000 	C:\WINDOWS\System32\RPCRT4.dll
0x00007ffdf5cd0000 - 0x00007ffdf5e67000 	C:\WINDOWS\System32\USER32.dll
0x00007ffde1fc0000 - 0x00007ffde2239000 	C:\WINDOWS\WinSxS\amd64_microsoft.windows.common-controls_6595b64144ccf1df_6.0.17763.1158_none_de722d88534a897f\COMCTL32.dll
0x00007ffdf3b50000 - 0x00007ffdf3b70000 	C:\WINDOWS\System32\win32u.dll
0x00007ffdf3e00000 - 0x00007ffdf412c000 	C:\WINDOWS\System32\combase.dll
0x00007ffdf4600000 - 0x00007ffdf4629000 	C:\WINDOWS\System32\GDI32.dll
0x00007ffdf3900000 - 0x00007ffdf3a99000 	C:\WINDOWS\System32\gdi32full.dll
0x00007ffdf3aa0000 - 0x00007ffdf3b1e000 	C:\WINDOWS\System32\bcryptPrimitives.dll
0x00007ffdf2ca0000 - 0x00007ffdf2d40000 	C:\WINDOWS\System32\msvcp_win.dll
0x00007ffded030000 - 0x00007ffded03a000 	C:\WINDOWS\SYSTEM32\VERSION.dll
0x00007ffdf6aa0000 - 0x00007ffdf6ace000 	C:\WINDOWS\System32\IMM32.DLL
0x00007ffdd0460000 - 0x00007ffdd04fb000 	C:\Program Files\Java\jdk-13.0.2\bin\msvcp140.dll
0x00007ffda2ac0000 - 0x00007ffda361d000 	C:\Program Files\Java\jdk-13.0.2\bin\server\jvm.dll
0x00007ffdf4390000 - 0x00007ffdf4398000 	C:\WINDOWS\System32\PSAPI.DLL
0x00007ffdf0fa0000 - 0x00007ffdf0fc4000 	C:\WINDOWS\SYSTEM32\WINMM.dll
0x00007ffde3800000 - 0x00007ffde3809000 	C:\WINDOWS\SYSTEM32\WSOCK32.dll
0x00007ffdf4700000 - 0x00007ffdf476d000 	C:\WINDOWS\System32\WS2_32.dll
0x00007ffdf0f70000 - 0x00007ffdf0f9d000 	C:\WINDOWS\SYSTEM32\WINMMBASE.dll
0x00007ffdf3610000 - 0x00007ffdf365a000 	C:\WINDOWS\System32\cfgmgr32.dll
0x00007ffdf2c50000 - 0x00007ffdf2c61000 	C:\WINDOWS\System32\kernel.appcore.dll
0x00007ffded6a0000 - 0x00007ffded6b0000 	C:\Program Files\Java\jdk-13.0.2\bin\verify.dll
0x00007ffde1d90000 - 0x00007ffde1f7d000 	C:\WINDOWS\SYSTEM32\DBGHELP.DLL
0x00007ffde1d60000 - 0x00007ffde1d8a000 	C:\WINDOWS\SYSTEM32\dbgcore.DLL
0x00007ffdd3f20000 - 0x00007ffdd3f46000 	C:\Program Files\Java\jdk-13.0.2\bin\java.dll
0x00007ffdd7610000 - 0x00007ffdd7627000 	C:\Program Files\Java\jdk-13.0.2\bin\zip.dll
0x00007ffded310000 - 0x00007ffded31a000 	C:\Program Files\Java\jdk-13.0.2\bin\jimage.dll
0x00007ffdf4770000 - 0x00007ffdf5c64000 	C:\WINDOWS\System32\SHELL32.dll
0x00007ffdf4230000 - 0x00007ffdf42d8000 	C:\WINDOWS\System32\shcore.dll
0x00007ffdf2d40000 - 0x00007ffdf348d000 	C:\WINDOWS\System32\windows.storage.dll
0x00007ffdf2c70000 - 0x00007ffdf2c94000 	C:\WINDOWS\System32\profapi.dll
0x00007ffdf2bd0000 - 0x00007ffdf2c2d000 	C:\WINDOWS\System32\powrprof.dll
0x00007ffdf5c70000 - 0x00007ffdf5cc2000 	C:\WINDOWS\System32\shlwapi.dll
0x00007ffdf35f0000 - 0x00007ffdf3607000 	C:\WINDOWS\System32\cryptsp.dll
0x00007ffdd70c0000 - 0x00007ffdd70d9000 	C:\Program Files\Java\jdk-13.0.2\bin\net.dll
0x00007ffde7f30000 - 0x00007ffde8022000 	C:\WINDOWS\SYSTEM32\WINHTTP.dll
0x00007ffdf2440000 - 0x00007ffdf24a7000 	C:\WINDOWS\system32\mswsock.dll
0x00007ffdd5bd0000 - 0x00007ffdd5be3000 	C:\Program Files\Java\jdk-13.0.2\bin\nio.dll
0x00007ffdf1fc0000 - 0x00007ffdf1ff3000 	C:\WINDOWS\system32\rsaenh.dll
0x00007ffdf3b20000 - 0x00007ffdf3b46000 	C:\WINDOWS\System32\bcrypt.dll
0x00007ffdf2ad0000 - 0x00007ffdf2af8000 	C:\WINDOWS\SYSTEM32\USERENV.dll
0x00007ffdf2610000 - 0x00007ffdf261c000 	C:\WINDOWS\SYSTEM32\CRYPTBASE.dll
0x00007ffdf2160000 - 0x00007ffdf219d000 	C:\WINDOWS\SYSTEM32\IPHLPAPI.DLL
0x00007ffdf4580000 - 0x00007ffdf4588000 	C:\WINDOWS\System32\NSI.dll
0x00007ffde90b0000 - 0x00007ffde90c6000 	C:\WINDOWS\SYSTEM32\dhcpcsvc6.DLL
0x00007ffde7f10000 - 0x00007ffde7f2c000 	C:\WINDOWS\SYSTEM32\dhcpcsvc.DLL
0x00007ffdf21b0000 - 0x00007ffdf2277000 	C:\WINDOWS\SYSTEM32\DNSAPI.dll
0x00007ffdd3ef0000 - 0x00007ffdd3f19000 	C:\Users\test.DESKTOP-8RCE6MF\AppData\Roaming\Code\User\globalStorage\redhat.java\0.61.0\config_win\org.eclipse.equinox.launcher\org.eclipse.equinox.launcher.win32.win32.x86_64_1.1.1100.v20190907-0426\eclipse_1902.dll

dbghelp: loaded successfully - version: 4.0.5 - missing functions: none
symbol engine: initialized successfully - sym options: 0x614 - pdb path: .;C:\Program Files\Java\jdk-13.0.2\bin;C:\WINDOWS\SYSTEM32;C:\WINDOWS\WinSxS\amd64_microsoft.windows.common-controls_6595b64144ccf1df_6.0.17763.1158_none_de722d88534a897f;C:\Program Files\Java\jdk-13.0.2\bin\server;C:\Users\test.DESKTOP-8RCE6MF\AppData\Roaming\Code\User\globalStorage\redhat.java\0.61.0\config_win\org.eclipse.equinox.launcher\org.eclipse.equinox.launcher.win32.win32.x86_64_1.1.1100.v20190907-0426

VM Arguments:
jvm_args: --add-modules=ALL-SYSTEM --add-opens=java.base/java.util=ALL-UNNAMED --add-opens=java.base/java.lang=ALL-UNNAMED -Declipse.application=org.eclipse.jdt.ls.core.id1 -Dosgi.bundles.defaultStartLevel=4 -Declipse.product=org.eclipse.jdt.ls.core.product -Dfile.encoding=utf8 -DwatchParentProcess=false -XX:+UseParallelGC -XX:GCTimeRatio=4 -XX:AdaptiveSizePolicyWeight=90 -Dsun.zip.disableMemoryMapping=true -Xmx1G -Xms100m 
java_command: c:\Users\test.DESKTOP-8RCE6MF\.vscode\extensions\redhat.java-0.61.0\server\plugins\org.eclipse.equinox.launcher_1.5.700.v20200207-2156.jar -configuration c:\Users\test.DESKTOP-8RCE6MF\AppData\Roaming\Code\User\globalStorage\redhat.java\0.61.0\config_win -data c:\Users\test.DESKTOP-8RCE6MF\AppData\Roaming\Code\User\workspaceStorage\9846336c7476d8f2e0f636d48f312371\redhat.java\jdt_ws
java_class_path (initial): c:\Users\test.DESKTOP-8RCE6MF\.vscode\extensions\redhat.java-0.61.0\server\plugins\org.eclipse.equinox.launcher_1.5.700.v20200207-2156.jar
Launcher Type: SUN_STANDARD

[Global flags]
    uintx AdaptiveSizePolicyWeight                 = 90                                        {product} {command line}
     intx CICompilerCount                          = 4                                         {product} {ergonomic}
    uintx GCTimeRatio                              = 4                                         {product} {command line}
   size_t InitialHeapSize                          = 104857600                                 {product} {command line}
   size_t MaxHeapSize                              = 1073741824                                {product} {command line}
   size_t MaxNewSize                               = 357564416                                 {product} {ergonomic}
   size_t MinHeapDeltaBytes                        = 524288                                    {product} {ergonomic}
   size_t MinHeapSize                              = 104857600                                 {product} {command line}
   size_t NewSize                                  = 34603008                                  {product} {ergonomic}
    uintx NonNMethodCodeHeapSize                   = 5839372                                {pd product} {ergonomic}
    uintx NonProfiledCodeHeapSize                  = 122909434                              {pd product} {ergonomic}
   size_t OldSize                                  = 70254592                                  {product} {ergonomic}
    uintx ProfiledCodeHeapSize                     = 122909434                              {pd product} {ergonomic}
    uintx ReservedCodeCacheSize                    = 251658240                              {pd product} {ergonomic}
     bool SegmentedCodeCache                       = true                                      {product} {ergonomic}
   size_t SoftMaxHeapSize                          = 1073741824                             {manageable} {ergonomic}
     bool UseCompressedClassPointers               = true                                 {lp64_product} {ergonomic}
     bool UseCompressedOops                        = true                                 {lp64_product} {ergonomic}
     bool UseLargePagesIndividualAllocation        = false                                  {pd product} {ergonomic}
     bool UseParallelGC                            = true                                      {product} {command line}

Logging:
Log output configuration:
 #0: stdout all=warning uptime,level,tags
 #1: stderr all=off uptime,level,tags

Environment Variables:
PATH=C:\ProgramData\Oracle\Java\javapath;C:\Windows\system32;C:\Windows;C:\Windows\System32\Wbem;C:\Windows\System32\WindowsPowerShell\v1.0\;C:\Program Files (x86)\Skype\Phone\;C:\Program Files (x86)\GtkSharp\2.12\bin;C:\WINDOWS\system32;C:\WINDOWS;C:\WINDOWS\System32\Wbem;C:\WINDOWS\System32\WindowsPowerShell\v1.0\;C:\Program Files (x86)\NVIDIA Corporation\PhysX\Common;C:\WINDOWS\system32;C:\WINDOWS;C:\WINDOWS\System32\Wbem;C:\WINDOWS\System32\WindowsPowerShell\v1.0\;C:\WINDOWS\System32\OpenSSH\;C:\Program Files\PuTTY\;C:\Program Files\dotnet\;C:\Program Files\NVIDIA Corporation\NVIDIA NvDLISR;C:\Users\test.DESKTOP-8RCE6MF\AppData\Local\Microsoft\WindowsApps;C:\Users\test.DESKTOP-8RCE6MF\AppData\Local\Programs\Microsoft VS Code\bin;C:\Program Files\Java\jdk1.8.0_141\bin;
USERNAME=test
OS=Windows_NT
PROCESSOR_IDENTIFIER=Intel64 Family 6 Model 60 Stepping 3, GenuineIntel



---------------  S Y S T E M  ---------------

OS: Windows 10 , 64 bit Build 17763 (10.0.17763.1158)

CPU:total 8 (initial active 8) (4 cores per cpu, 2 threads per core) family 6 model 60 stepping 3, cmov, cx8, fxsr, mmx, sse, sse2, sse3, ssse3, sse4.1, sse4.2, popcnt, avx, avx2, aes, clmul, erms, lzcnt, ht, tsc, tscinvbit, bmi1, bmi2, fma

Memory: 4k page, system-wide physical 8104M (1745M free)
TotalPageFile size 10152M (AvailPageFile size 5M)
current process WorkingSet (physical memory assigned to process): 177M, peak: 177M
current process commit charge ("private bytes"): 290M, peak: 291M

vm_info: Java HotSpot(TM) 64-Bit Server VM (13.0.2+8) for windows-amd64 JRE (13.0.2+8), built on Dec 11 2019 09:20:33 by "mach5one" with unknown MS VC++:1916

END.
